✅ Data updated. Logs: /Users/gnandeepnarra/Documents/STOCK-DIY/ai-trading-bot/ai-trading-bot/logs/data.log
📄 Logs saved to /Users/gnandeepnarra/Documents/STOCK-DIY/ai-trading-bot/ai-trading-bot/logs/train_models.log
       ticker  cagr  max_dd  winrate  n_days  n_trades  last_date
      NTPC.NS  9.40  -15.42    25.00    1239        74 2025-09-12
    MARUTI.NS  1.31   -7.39    30.19    1239        53 2025-09-12
 NESTLEIND.NS -2.64  -17.69    27.36    1239        53 2025-09-12
   HCLTECH.NS  0.00    0.00     0.00    1239         0 2025-09-12
 TATASTEEL.NS  0.00    0.00     0.00    1239         0 2025-09-12
ULTRACEMCO.NS  0.00    0.00     0.00    1239         0 2025-09-12
      BPCL.NS  1.30  -19.31    24.42    1239        43 2025-09-12
 BRITANNIA.NS -3.74  -23.98    21.95    1239        61 2025-09-12
       ITC.NS  0.00    0.00     0.00    1239         0 2025-09-12
     TITAN.NS -0.10  -14.35    24.00    1239        50 2025-09-12
 KOTAKBANK.NS -4.02  -22.27    23.91    1239        23 2025-09-12
  AXISBANK.NS  2.11   -9.55    19.67    1239        61 2025-09-12
   DRREDDY.NS  0.00    0.00     0.00    1239         0 2025-09-12
INDUSINDBK.NS  0.00    0.00     0.00    1239         0 2025-09-12
  JSWSTEEL.NS -0.89  -11.14    21.74    1239        46 2025-09-12
  HDFCLIFE.NS  0.00    0.00     0.00    1239         0 2025-09-12
     CIPLA.NS  0.00    0.00     0.00    1239         0 2025-09-12
      ONGC.NS  2.80  -10.93    20.63    1239        63 2025-09-12
      INFY.NS  0.00    0.00     0.00    1239         0 2025-09-12
  ADANIENT.NS  9.32  -12.75    28.03    1239        66 2025-09-12
      SBIN.NS  0.00    0.00     0.00    1239         0 2025-09-12
  HDFCBANK.NS  0.00    0.00     0.00    1239         0 2025-09-12
    GRASIM.NS  1.58  -12.54    24.26    1239        68 2025-09-12
       M&M.NS -2.67  -31.38    18.56    1239        97 2025-09-12
  HINDALCO.NS -2.34  -21.37    22.95    1239        61 2025-09-12
  RELIANCE.NS  2.38   -7.40    23.96    1239        48 2025-09-12
BAJAJFINSV.NS  0.00    0.00     0.00    1239         0 2025-09-12
 COALINDIA.NS  0.00    0.00     0.00    1239         0 2025-09-12
       TCS.NS -2.56  -19.11    20.93    1239        43 2025-09-12
 POWERGRID.NS  5.47  -16.43    28.99    1239        69 2025-09-12
ADANIPORTS.NS  0.00    0.00     0.00    1239         0 2025-09-12
        LT.NS  2.55  -13.28    22.39    1239        67 2025-09-12
TATACONSUM.NS  0.00    0.00     0.00    1239         0 2025-09-12
HEROMOTOCO.NS  0.00    0.00     0.00    1239         0 2025-09-12
     TECHM.NS -0.63   -6.54    23.91    1239        23 2025-09-12
       PNB.NS  0.00    0.00     0.00    1239         0 2025-09-12
 ICICIBANK.NS  0.10  -16.52    25.86    1239        58 2025-09-12
 SUNPHARMA.NS  0.00    0.00     0.00    1239         0 2025-09-12
ASIANPAINT.NS  0.00    0.00     0.00    1239         0 2025-09-12
 EICHERMOT.NS  0.00    0.00     0.00    1239         0 2025-09-12
BANKBARODA.NS  0.00    0.00     0.00    1239         0 2025-09-12
BAJAJ-AUTO.NS  0.00    0.00     0.00    1239         0 2025-09-12
TATAMOTORS.NS  4.67  -10.65    31.25    1239        48 2025-09-12
BAJFINANCE.NS  0.59  -10.14    21.33    1239        37 2025-09-12
     WIPRO.NS  0.00    0.00     0.00    1239         0 2025-09-12
       UPL.NS  0.85  -12.14    23.64    1239        55 2025-09-12
BHARTIARTL.NS -2.09  -19.00    20.55    1239        73 2025-09-12
  DIVISLAB.NS  0.00    0.00     0.00    1239         0 2025-09-12
HINDUNILVR.NS  0.00    0.00     0.00    1239         0 2025-09-12

📄 Logs: /Users/gnandeepnarra/Documents/STOCK-DIY/ai-trading-bot/ai-trading-bot/logs/backtest.log
       ticker  last_date model_date    close  proba_up  calibrated calibration_method  threshold  trend_ok signal  stop_loss  take_profit     atr    rsi
INDUSINDBK.NS 2025-09-12 2025-09-12   740.50     0.478        True           isotonic       0.55     False   HOLD     725.40       763.15  15.099 37.105
TATAMOTORS.NS 2025-09-12 2025-09-12   715.25     0.521        True           isotonic       0.55      True   HOLD     700.86       736.84  14.390 61.776
 SUNPHARMA.NS 2025-09-12 2025-09-12  1616.60     0.739        True           isotonic       0.55     False   HOLD    1590.03      1656.45  26.567 51.423
     WIPRO.NS 2025-09-12 2025-09-12   251.94     0.528        True           isotonic       0.55     False   HOLD     246.94       259.43   4.996 52.986
BAJFINANCE.NS 2025-09-12 2025-09-12  1003.25     0.000        True           isotonic       0.55      True   HOLD     983.74      1032.52  19.514 78.538
BAJAJFINSV.NS 2025-09-12 2025-09-12  2081.50     0.400        True           isotonic       0.55      True   HOLD    2049.31      2129.78  32.188 71.784
  HDFCLIFE.NS 2025-09-12 2025-09-12   779.65     0.500        True           isotonic       0.55      True   HOLD     763.98       803.16  15.673 54.579
       PNB.NS 2025-09-12 2025-09-12   107.31     0.490        True           isotonic       0.55     False   HOLD     105.48       110.05   1.828 58.077
 BRITANNIA.NS 2025-09-12 2025-09-12  6247.00     0.592        True           isotonic       0.55      True    BUY    6112.06      6449.41 134.937 71.989
ULTRACEMCO.NS 2025-09-12 2025-09-12 12370.00     0.545        True           isotonic       0.55      True   HOLD   12173.86     12664.21 196.139 42.482
  HDFCBANK.NS 2025-09-12 2025-09-12   967.30     0.628        True           isotonic       0.55     False   HOLD     955.40       985.15  11.899 44.886
ADANIPORTS.NS 2025-09-12 2025-09-12  1393.10     0.387        True           isotonic       0.55     False   SELL    1366.54      1432.93  26.555 61.578
 EICHERMOT.NS 2025-09-12 2025-09-12  6875.00     0.477        True           isotonic       0.55      True   HOLD    6738.15      7080.27 136.847 81.907
   HCLTECH.NS 2025-09-12 2025-09-12  1467.20     0.348        True           isotonic       0.55     False   SELL    1440.00      1508.00  27.197 48.187
     TITAN.NS 2025-09-12 2025-09-12  3571.90     0.500        True           isotonic       0.55      True   HOLD    3518.35      3652.23  53.551 47.973
 TATASTEEL.NS 2025-09-12 2025-09-12   169.78     0.333        True           isotonic       0.55      True   HOLD     166.67       174.44   3.105 66.530
TATACONSUM.NS 2025-09-12 2025-09-12  1103.90     0.522        True           isotonic       0.55      True   HOLD    1083.13      1135.05  20.766 58.804
BANKBARODA.NS 2025-09-12 2025-09-12   237.48     0.493        True           isotonic       0.55     False   HOLD     233.36       243.66   4.118 48.769
     CIPLA.NS 2025-09-12 2025-09-12  1574.60     0.633        True           isotonic       0.55      True    BUY    1550.22      1611.17  24.382 55.888
 NESTLEIND.NS 2025-09-12 2025-09-12  1217.60     0.526        True           isotonic       0.55      True   HOLD    1194.69      1251.96  22.906 61.770
HEROMOTOCO.NS 2025-09-12 2025-09-12  5301.50     0.628        True           isotonic       0.55      True    BUY    5180.77      5482.60 120.734 66.276
  JSWSTEEL.NS 2025-09-12 2025-09-12  1099.00     0.559        True           isotonic       0.55      True    BUY    1080.11      1127.33  18.887 64.863
        LT.NS 2025-09-12 2025-09-12  3579.80     0.371        True           isotonic       0.55     False   SELL    3528.67      3656.49  51.126 50.544
 POWERGRID.NS 2025-09-12 2025-09-12   287.65     0.400        True           isotonic       0.55     False   SELL     283.06       294.54   4.595 54.035
  HINDALCO.NS 2025-09-12 2025-09-12   758.05     0.531        True           isotonic       0.55      True   HOLD     745.28       777.21  12.771 71.861
      INFY.NS 2025-09-12 2025-09-12  1525.60     0.500        True           isotonic       0.55     False   HOLD    1493.76      1573.36  31.841 55.788
    MARUTI.NS 2025-09-12 2025-09-12 15325.00     0.000        True           isotonic       0.55      True   HOLD   15053.30     15732.55 271.700 74.281
 COALINDIA.NS 2025-09-12 2025-09-12   394.35     0.448        True           isotonic       0.55      True   HOLD     388.80       402.68   5.552 62.462
      SBIN.NS 2025-09-12 2025-09-12   823.55     0.238        True           isotonic       0.55      True   HOLD     814.69       836.83   8.857 60.615
  RELIANCE.NS 2025-09-12 2025-09-12  1395.00     0.533        True           isotonic       0.55     False   HOLD    1375.02      1424.97  19.982 52.265
      BPCL.NS 2025-09-12 2025-09-12   318.00     0.000        True           isotonic       0.55     False   SELL     311.38       327.93   6.619 49.914
       TCS.NS 2025-09-12 2025-09-12  3133.40     0.403        True           isotonic       0.55     False   SELL    3086.97      3203.04  46.430 54.756
 KOTAKBANK.NS 2025-09-12 2025-09-12  1972.30     0.404        True           isotonic       0.55     False   SELL    1943.17      2016.00  29.134 46.159
ASIANPAINT.NS 2025-09-12 2025-09-12  2546.30     0.526        True           isotonic       0.55      True   HOLD    2506.12      2606.57  40.177 55.837
BHARTIARTL.NS 2025-09-12 2025-09-12  1902.60     0.543        True           isotonic       0.55     False   HOLD    1875.14      1943.78  27.456 50.514
BAJAJ-AUTO.NS 2025-09-12 2025-09-12  8999.50     0.582        True           isotonic       0.55      True    BUY    8801.03      9297.21 198.471 56.315
  ADANIENT.NS 2025-09-12 2025-09-12  2392.00     0.514        True           isotonic       0.55     False   HOLD    2342.82      2465.76  49.177 58.028
      ONGC.NS 2025-09-12 2025-09-12   233.25     0.667        True           isotonic       0.55     False   HOLD     229.91       238.26   3.342 42.587
  AXISBANK.NS 2025-09-12 2025-09-12  1105.30     0.456        True           isotonic       0.55     False   HOLD    1089.14      1129.54  16.163 64.795
HINDUNILVR.NS 2025-09-12 2025-09-12  2580.50     0.857        True           isotonic       0.55      True    BUY    2529.96      2656.30  50.535 46.201
 ICICIBANK.NS 2025-09-12 2025-09-12  1417.70     0.509        True           isotonic       0.55     False   HOLD    1401.54      1441.93  16.156 49.703
       M&M.NS 2025-09-12 2025-09-12  3589.90     0.429        True           isotonic       0.55      True   HOLD    3502.85      3720.47  87.047 63.390
   DRREDDY.NS 2025-09-12 2025-09-12  1316.70     0.493        True           isotonic       0.55      True   HOLD    1292.30      1353.30  24.400 63.544
  DIVISLAB.NS 2025-09-12 2025-09-12  6026.50     0.511        True           isotonic       0.55     False   HOLD    5909.42      6202.12 117.082 40.169
       UPL.NS 2025-09-12 2025-09-12   693.10     0.892        True           isotonic       0.55      True    BUY     674.73       720.65  18.369 45.183
      NTPC.NS 2025-09-12 2025-09-12   331.70     0.435        True           isotonic       0.55     False   SELL     326.50       339.50   5.203 48.876
     TECHM.NS 2025-09-12 2025-09-12  1525.50     0.397        True           isotonic       0.55     False   SELL    1496.41      1569.13  29.089 54.596
    GRASIM.NS 2025-09-12 2025-09-12  2802.00     0.446        True           isotonic       0.55      True   HOLD    2756.37      2870.44  45.629 52.596
       ITC.NS 2025-09-12 2025-09-12   413.75     0.500        True           isotonic       0.55     False   HOLD     408.15       422.16   5.604 54.573

📄 Saved: /Users/gnandeepnarra/Documents/STOCK-DIY/ai-trading-bot/ai-trading-bot/reports/signals_today.csv
✅ Ranked 7 actionable signals (BUY/SELL only, CAGR>-1.0, MaxDD<=20.0, no dead strategies)
📄 Saved filtered: /Users/gnandeepnarra/Documents/STOCK-DIY/ai-trading-bot/ai-trading-bot/reports/filtered_signals_ranked.csv
📄 Saved all: /Users/gnandeepnarra/Documents/STOCK-DIY/ai-trading-bot/ai-trading-bot/reports/all_signals_ranked.csv

📉 NTPC.NS: SELL at 331.7 → Target 339.5 | Stop 326.5 | CAGR 9.4%, Winrate 25.0%
📉 POWERGRID.NS: SELL at 287.65 → Target 294.54 | Stop 283.06 | CAGR 5.47%, Winrate 28.99%
📉 LT.NS: SELL at 3579.8 → Target 3656.49 | Stop 3528.67 | CAGR 2.55%, Winrate 22.39%
📉 BPCL.NS: SELL at 318.0 → Target 327.93 | Stop 311.38 | CAGR 1.3%, Winrate 24.42%
📈 UPL.NS: BUY at 693.1 → Target 720.65 (+3.97%) | Stop 674.73 | CAGR 0.85%, Winrate 23.64%
📉 TECHM.NS: SELL at 1525.5 → Target 1569.13 | Stop 1496.41 | CAGR -0.63%, Winrate 23.91%
📈 JSWSTEEL.NS: BUY at 1099.0 → Target 1127.33 (+2.58%) | Stop 1080.11 | CAGR -0.89%, Winrate 21.74%
