2025-09-13 00:00:43 [INFO] run_all: ==== Step 1/5: Data update ====
2025-09-13 00:00:54 [INFO] run_all: ==== Step 2/5: Train models ====
2025-09-13 00:05:10 [INFO] run_all: ==== Step 1/5: Data update ====
2025-09-13 00:05:20 [INFO] run_all: ==== Step 2/5: Train models ====
2025-09-13 00:06:00 [INFO] run_all: ==== Step 3/5: Backtest walk-forward ====
2025-09-13 00:09:24 [INFO] run_all: ==== Step 1/5: Data update ====
2025-09-13 00:09:36 [INFO] run_all: ==== Step 2/5: Train models ====
2025-09-13 00:09:51 [INFO] run_all: ==== Step 3/5: Backtest walk-forward ====
2025-09-13 00:11:11 [INFO] run_all: ==== Step 1/5: Data update ====
2025-09-13 00:11:23 [INFO] run_all: ==== Step 2/5: Train models ====
2025-09-13 00:11:36 [INFO] run_all: ==== Step 3/5: Backtest walk-forward ====
2025-09-13 00:14:39 [INFO] run_all: ==== Step 1/5: Data update ====
2025-09-13 00:14:53 [INFO] run_all: ==== Step 2/5: Train models ====
2025-09-13 00:15:13 [INFO] run_all: ==== Step 3/5: Backtest walk-forward ====
2025-09-13 00:30:13 [INFO] run_all: ==== Step 1/5: Data update ====
2025-09-13 00:31:05 [INFO] run_all: ==== Step 2/5: Train models ====
2025-09-13 00:33:19 [INFO] run_all: ==== Step 1/5: Data update ====
2025-09-13 00:33:38 [INFO] run_all: ==== Step 2/5: Train models ====
2025-09-13 00:34:46 [INFO] run_all: ==== Step 3/5: Backtest walk-forward ====
2025-09-13 00:39:02 [INFO] run_all: ==== Step 1/5: Data update ====
2025-09-13 00:39:17 [INFO] run_all: ==== Step 2/5: Train models ====
2025-09-13 00:39:34 [INFO] run_all: ==== Step 3/5: Backtest walk-forward ====
2025-09-13 00:40:54 [INFO] run_all: ==== Step 4/5: Signals today ====
2025-09-13 00:41:16 [INFO] run_all: ==== Step 5/5: Filter signals ====
2025-09-13 00:41:17 [INFO] run_all: ==== Pipeline complete ====
2025-09-13 00:44:54 [INFO] run_all: ==== Step 1/5: Data update ====
2025-09-13 00:45:11 [INFO] run_all: ==== Step 2/5: Train models ====
2025-09-13 00:45:31 [INFO] run_all: ==== Step 3/5: Backtest walk-forward ====
2025-09-13 00:45:57 [INFO] run_all: ==== Step 4/5: Signals today ====
2025-09-13 00:46:16 [INFO] run_all: ==== Step 5/5: Filter signals ====
2025-09-13 00:46:17 [INFO] run_all: ==== Pipeline complete ====
2025-09-13 11:57:33 [INFO] run_all: ==== Step 1/5: Data update ====
2025-09-13 11:57:52 [INFO] run_all: ==== Step 2/5: Train models ====
2025-09-13 11:58:15 [INFO] run_all: ==== Step 3/5: Backtest walk-forward ====
2025-09-13 11:58:45 [INFO] run_all: ==== Step 4/5: Signals today ====
2025-09-13 11:59:08 [INFO] run_all: ==== Step 5/5: Filter signals ====
2025-09-13 11:59:08 [INFO] run_all: ==== Pipeline complete ====
2025-09-13 15:26:04 [INFO] run_all: ==== Step 1/5: Data update ====
2025-09-13 15:26:23 [INFO] run_all: ==== Step 2/5: Train models ====
2025-09-13 15:27:06 [INFO] run_all: ==== Step 3/5: Backtest walk-forward ====
2025-09-13 15:28:53 [INFO] run_all: ==== Step 4/5: Signals today ====
2025-09-13 15:30:20 [INFO] run_all: ==== Step 5/5: Filter signals ====
2025-09-13 15:30:20 [INFO] run_all: ==== Pipeline complete ====
2025-09-13 15:50:15 [INFO] run_all: ==== Step 1/5: Data update ====
2025-09-13 15:50:34 [INFO] run_all: ==== Step 2/5: Train models ====
2025-09-13 15:50:59 [INFO] run_all: ==== Step 3/5: Backtest walk-forward ====
2025-09-13 15:51:31 [INFO] run_all: ==== Step 4/5: Signals today ====
2025-09-13 15:52:55 [INFO] run_all: ==== Step 5/5: Filter signals ====
2025-09-13 15:52:55 [INFO] run_all: ==== Pipeline complete ====
2025-09-13 16:48:54 [INFO] run_all: ==== Step 1/5: Data update ====
2025-09-13 16:49:12 [INFO] run_all: ==== Step 2/5: Train models ====
2025-09-13 16:49:34 [INFO] run_all: ==== Step 3/5: Backtest walk-forward ====
2025-09-13 16:49:39 [ERROR] run_all: Backtest step failed with exit code 1
2025-09-13 16:50:59 [INFO] run_all: ==== Step 1/5: Data update ====
2025-09-13 16:51:18 [INFO] run_all: ==== Step 2/5: Train models ====
2025-09-13 16:51:40 [INFO] run_all: ==== Step 3/5: Backtest walk-forward ====
2025-09-13 16:52:11 [INFO] run_all: ==== Step 4/5: Signals today ====
2025-09-13 16:53:39 [INFO] run_all: ==== Step 5/5: Filter signals ====
2025-09-13 16:53:39 [INFO] run_all: ==== Pipeline complete ====
2025-09-13 17:00:28 [INFO] run_all: ==== Step 1/5: Data update ====
2025-09-13 17:00:48 [INFO] run_all: ==== Step 2/5: Train models ====
2025-09-13 17:00:56 [INFO] run_all: ==== Step 3/5: Backtest walk-forward ====
2025-09-13 17:01:28 [INFO] run_all: ==== Step 4/5: Signals today ====
2025-09-13 17:02:57 [INFO] run_all: ==== Step 5/5: Filter signals ====
2025-09-13 17:02:58 [INFO] run_all: ==== Pipeline complete ====
2025-09-13 17:16:32 [INFO] run_all: ==== Step 1/5: Data update ====
2025-09-13 17:16:51 [INFO] run_all: ==== Step 2/5: Train models ====
2025-09-13 17:16:58 [INFO] run_all: ==== Step 3/5: Backtest walk-forward ====
2025-09-13 17:17:28 [INFO] run_all: ==== Step 4/5: Signals today ====
2025-09-13 17:18:53 [INFO] run_all: ==== Step 5/5: Filter signals ====
2025-09-13 17:18:53 [INFO] run_all: ==== Pipeline complete ====
2025-09-13 17:37:08 [INFO] run_all: ==== Step 1/5: Data update ====
2025-09-13 17:37:25 [INFO] run_all: ==== Step 2/5: Train models ====
2025-09-13 17:37:45 [INFO] run_all: ==== Step 3/5: Backtest walk-forward ====
2025-09-13 17:38:15 [INFO] run_all: ==== Step 4/5: Signals today ====
2025-09-13 17:39:38 [INFO] run_all: ==== Step 5/5: Filter signals ====
2025-09-13 17:39:38 [ERROR] run_all: Filter step failed with exit code 1
2025-09-13 19:26:01 [INFO] run_all: ==== Step 1/5: Data update ====
2025-09-13 19:26:19 [INFO] run_all: ==== Step 2/5: Train models ====
2025-09-13 19:26:39 [INFO] run_all: ==== Step 3/5: Backtest walk-forward ====
2025-09-13 19:27:08 [INFO] run_all: ==== Step 4/5: Signals today ====
2025-09-13 19:28:34 [INFO] run_all: ==== Step 5/5: Filter signals ====
2025-09-13 19:28:34 [INFO] run_all: ==== Pipeline complete ====
