bash: /Users/gnandeepnarra/Documents/STOCK-DIY/ai-trading-bot/ai-trading-bot/scripts/run_daily.sh: Operation not permitted
bash: /Users/gnandeepnarra/Documents/STOCK-DIY/ai-trading-bot/ai-trading-bot/scripts/run_daily.sh: Operation not permitted
2025-09-12 19:52:05 [INFO] run_all: ==== Step 1/5: Data update ====
2025-09-12 19:52:07 [INFO] data: CIPLA.NS: downloaded 1239 rows (saved to CIPLA_NS_1d.csv)
2025-09-12 19:52:07 [INFO] data: UPL.NS: downloaded 1239 rows (saved to UPL_NS_1d.csv)
2025-09-12 19:52:07 [INFO] data: ADANIPORTS.NS: downloaded 1239 rows (saved to ADANIPORTS_NS_1d.csv)
2025-09-12 19:52:08 [INFO] data: DRREDDY.NS: downloaded 1239 rows (saved to DRREDDY_NS_1d.csv)
2025-09-12 19:52:08 [INFO] data: TCS.NS: downloaded 1239 rows (saved to TCS_NS_1d.csv)
2025-09-12 19:52:08 [INFO] data: HDFCLIFE.NS: downloaded 1239 rows (saved to HDFCLIFE_NS_1d.csv)
2025-09-12 19:52:08 [INFO] data: AXISBANK.NS: downloaded 1239 rows (saved to AXISBANK_NS_1d.csv)
2025-09-12 19:52:08 [INFO] data: HINDALCO.NS: downloaded 1239 rows (saved to HINDALCO_NS_1d.csv)
2025-09-12 19:52:09 [INFO] data: ASIANPAINT.NS: downloaded 1239 rows (saved to ASIANPAINT_NS_1d.csv)
2025-09-12 19:52:09 [INFO] data: GRASIM.NS: downloaded 1239 rows (saved to GRASIM_NS_1d.csv)
2025-09-12 19:52:09 [INFO] data: HDFCBANK.NS: downloaded 1239 rows (saved to HDFCBANK_NS_1d.csv)
2025-09-12 19:52:09 [INFO] data: NTPC.NS: downloaded 1239 rows (saved to NTPC_NS_1d.csv)
2025-09-12 19:52:10 [INFO] data: ULTRACEMCO.NS: downloaded 1239 rows (saved to ULTRACEMCO_NS_1d.csv)
2025-09-12 19:52:10 [INFO] data: WIPRO.NS: downloaded 1239 rows (saved to WIPRO_NS_1d.csv)
2025-09-12 19:52:10 [INFO] data: NESTLEIND.NS: downloaded 1239 rows (saved to NESTLEIND_NS_1d.csv)
2025-09-12 19:52:10 [INFO] data: KOTAKBANK.NS: downloaded 1239 rows (saved to KOTAKBANK_NS_1d.csv)
2025-09-12 19:52:10 [INFO] data: TATAMOTORS.NS: downloaded 1239 rows (saved to TATAMOTORS_NS_1d.csv)
2025-09-12 19:52:10 [INFO] data: BPCL.NS: downloaded 1239 rows (saved to BPCL_NS_1d.csv)
2025-09-12 19:52:11 [INFO] data: ICICIBANK.NS: downloaded 1239 rows (saved to ICICIBANK_NS_1d.csv)
2025-09-12 19:52:11 [INFO] data: BHARTIARTL.NS: downloaded 1239 rows (saved to BHARTIARTL_NS_1d.csv)
2025-09-12 19:52:11 [INFO] data: HINDUNILVR.NS: downloaded 1239 rows (saved to HINDUNILVR_NS_1d.csv)
2025-09-12 19:52:11 [INFO] data: LT.NS: downloaded 1239 rows (saved to LT_NS_1d.csv)
2025-09-12 19:52:11 [INFO] data: ADANIENT.NS: downloaded 1239 rows (saved to ADANIENT_NS_1d.csv)
2025-09-12 19:52:12 [INFO] data: M&M.NS: downloaded 1239 rows (saved to M&M_NS_1d.csv)
2025-09-12 19:52:12 [INFO] data: POWERGRID.NS: downloaded 1239 rows (saved to POWERGRID_NS_1d.csv)
2025-09-12 19:52:12 [INFO] data: BAJFINANCE.NS: downloaded 1239 rows (saved to BAJFINANCE_NS_1d.csv)
2025-09-12 19:52:12 [INFO] data: ONGC.NS: downloaded 1239 rows (saved to ONGC_NS_1d.csv)
2025-09-12 19:52:13 [INFO] data: SUNPHARMA.NS: downloaded 1239 rows (saved to SUNPHARMA_NS_1d.csv)
2025-09-12 19:52:13 [INFO] data: BAJAJFINSV.NS: downloaded 1239 rows (saved to BAJAJFINSV_NS_1d.csv)
2025-09-12 19:52:13 [INFO] data: DIVISLAB.NS: downloaded 1239 rows (saved to DIVISLAB_NS_1d.csv)
2025-09-12 19:52:13 [INFO] data: PNB.NS: downloaded 1239 rows (saved to PNB_NS_1d.csv)
2025-09-12 19:52:13 [INFO] data: COALINDIA.NS: downloaded 1239 rows (saved to COALINDIA_NS_1d.csv)
2025-09-12 19:52:13 [INFO] data: HEROMOTOCO.NS: downloaded 1239 rows (saved to HEROMOTOCO_NS_1d.csv)
2025-09-12 19:52:14 [INFO] data: TECHM.NS: downloaded 1239 rows (saved to TECHM_NS_1d.csv)
2025-09-12 19:52:14 [INFO] data: BAJAJ-AUTO.NS: downloaded 1239 rows (saved to BAJAJ-AUTO_NS_1d.csv)
2025-09-12 19:52:14 [INFO] data: INDUSINDBK.NS: downloaded 1239 rows (saved to INDUSINDBK_NS_1d.csv)
2025-09-12 19:52:14 [INFO] data: ITC.NS: downloaded 1239 rows (saved to ITC_NS_1d.csv)
2025-09-12 19:52:15 [INFO] data: TITAN.NS: downloaded 1239 rows (saved to TITAN_NS_1d.csv)
2025-09-12 19:52:15 [INFO] data: BANKBARODA.NS: downloaded 1239 rows (saved to BANKBARODA_NS_1d.csv)
2025-09-12 19:52:15 [INFO] data: TATASTEEL.NS: downloaded 1239 rows (saved to TATASTEEL_NS_1d.csv)
2025-09-12 19:52:15 [INFO] data: INFY.NS: downloaded 1239 rows (saved to INFY_NS_1d.csv)
2025-09-12 19:52:15 [INFO] data: JSWSTEEL.NS: downloaded 1239 rows (saved to JSWSTEEL_NS_1d.csv)
2025-09-12 19:52:16 [INFO] data: RELIANCE.NS: downloaded 1239 rows (saved to RELIANCE_NS_1d.csv)
2025-09-12 19:52:16 [INFO] data: MARUTI.NS: downloaded 1239 rows (saved to MARUTI_NS_1d.csv)
2025-09-12 19:52:16 [INFO] data: SBIN.NS: downloaded 1239 rows (saved to SBIN_NS_1d.csv)
2025-09-12 19:52:16 [INFO] data: HCLTECH.NS: downloaded 1239 rows (saved to HCLTECH_NS_1d.csv)
2025-09-12 19:52:16 [INFO] data: BRITANNIA.NS: downloaded 1239 rows (saved to BRITANNIA_NS_1d.csv)
2025-09-12 19:52:17 [INFO] data: TATACONSUM.NS: downloaded 1239 rows (saved to TATACONSUM_NS_1d.csv)
2025-09-12 19:52:17 [INFO] data: EICHERMOT.NS: downloaded 1239 rows (saved to EICHERMOT_NS_1d.csv)
2025-09-12 19:52:17 [INFO] run_all: ==== Step 2/5: Train models ====
2025-09-12 19:52:27 [INFO] data: BPCL.NS: loaded 1239 rows from cache
2025-09-12 19:52:27 [INFO] data: SUNPHARMA.NS: loaded 1239 rows from cache
2025-09-12 19:52:27 [INFO] data: KOTAKBANK.NS: loaded 1239 rows from cache
2025-09-12 19:52:27 [INFO] data: BAJAJ-AUTO.NS: loaded 1239 rows from cache
2025-09-12 19:52:27 [INFO] data: MARUTI.NS: loaded 1239 rows from cache
2025-09-12 19:52:27 [INFO] data: NESTLEIND.NS: loaded 1239 rows from cache
2025-09-12 19:52:27 [INFO] data: POWERGRID.NS: loaded 1239 rows from cache
2025-09-12 19:52:27 [INFO] data: PNB.NS: loaded 1239 rows from cache
2025-09-12 19:52:28 [INFO] data: UPL.NS: loaded 1239 rows from cache
2025-09-12 19:52:28 [INFO] data: TCS.NS: loaded 1239 rows from cache
2025-09-12 19:52:28 [INFO] data: TATACONSUM.NS: loaded 1239 rows from cache
2025-09-12 19:52:28 [INFO] data: ADANIPORTS.NS: loaded 1239 rows from cache
2025-09-12 19:52:28 [INFO] data: WIPRO.NS: loaded 1239 rows from cache
2025-09-12 19:52:28 [INFO] data: INFY.NS: loaded 1239 rows from cache
2025-09-12 19:52:28 [INFO] data: LT.NS: loaded 1239 rows from cache
2025-09-12 19:52:28 [INFO] data: CIPLA.NS: loaded 1239 rows from cache
2025-09-12 19:52:28 [INFO] data: JSWSTEEL.NS: loaded 1239 rows from cache
2025-09-12 19:52:28 [INFO] data: DIVISLAB.NS: loaded 1239 rows from cache
2025-09-12 19:52:28 [INFO] data: ICICIBANK.NS: loaded 1239 rows from cache
2025-09-12 19:52:28 [INFO] data: HINDALCO.NS: loaded 1239 rows from cache
2025-09-12 19:52:28 [INFO] data: TITAN.NS: loaded 1239 rows from cache
2025-09-12 19:52:28 [INFO] data: RELIANCE.NS: loaded 1239 rows from cache
2025-09-12 19:52:28 [INFO] data: NTPC.NS: loaded 1239 rows from cache
2025-09-12 19:52:28 [INFO] data: HINDUNILVR.NS: loaded 1239 rows from cache
2025-09-12 19:52:28 [INFO] data: GRASIM.NS: loaded 1239 rows from cache
2025-09-12 19:52:28 [INFO] data: TATASTEEL.NS: loaded 1239 rows from cache
2025-09-12 19:52:28 [INFO] data: M&M.NS: loaded 1239 rows from cache
2025-09-12 19:52:28 [INFO] data: INDUSINDBK.NS: loaded 1239 rows from cache
2025-09-12 19:52:28 [INFO] data: HEROMOTOCO.NS: loaded 1239 rows from cache
2025-09-12 19:52:28 [INFO] data: SBIN.NS: loaded 1239 rows from cache
2025-09-12 19:52:28 [INFO] data: TECHM.NS: loaded 1239 rows from cache
2025-09-12 19:52:28 [INFO] data: ITC.NS: loaded 1239 rows from cache
2025-09-12 19:52:28 [INFO] data: ASIANPAINT.NS: loaded 1239 rows from cache
2025-09-12 19:52:28 [INFO] data: HDFCLIFE.NS: loaded 1239 rows from cache
2025-09-12 19:52:28 [INFO] data: DRREDDY.NS: loaded 1239 rows from cache
2025-09-12 19:52:28 [INFO] data: BRITANNIA.NS: loaded 1239 rows from cache
2025-09-12 19:52:28 [INFO] data: AXISBANK.NS: loaded 1239 rows from cache
2025-09-12 19:52:28 [INFO] data: BAJAJFINSV.NS: loaded 1239 rows from cache
2025-09-12 19:52:28 [INFO] data: ADANIENT.NS: loaded 1239 rows from cache
2025-09-12 19:52:28 [INFO] data: COALINDIA.NS: loaded 1239 rows from cache
2025-09-12 19:52:28 [INFO] data: BAJFINANCE.NS: loaded 1239 rows from cache
2025-09-12 19:52:28 [INFO] data: HDFCBANK.NS: loaded 1239 rows from cache
2025-09-12 19:52:28 [INFO] data: HCLTECH.NS: loaded 1239 rows from cache
2025-09-12 19:52:28 [INFO] data: EICHERMOT.NS: loaded 1239 rows from cache
2025-09-12 19:52:28 [INFO] data: ONGC.NS: loaded 1239 rows from cache
2025-09-12 19:52:28 [INFO] data: TATAMOTORS.NS: loaded 1239 rows from cache
2025-09-12 19:52:28 [INFO] data: ULTRACEMCO.NS: loaded 1239 rows from cache
2025-09-12 19:52:28 [INFO] data: BANKBARODA.NS: loaded 1239 rows from cache
2025-09-12 19:52:28 [INFO] data: BHARTIARTL.NS: loaded 1239 rows from cache
2025-09-12 19:52:28 [INFO] train_models: ==== Training completed ====
2025-09-12 19:52:29 [INFO] run_all: ==== Step 3/5: Backtest walk-forward ====
2025-09-12 19:52:32 [INFO] backtest: ==== Backtest start ====
2025-09-12 19:52:32 [INFO] backtest: Universe: 49 tickers, model=lgbm, retrain_freq=20
2025-09-12 19:52:36 [INFO] data: NTPC.NS: loaded 1239 rows from cache
2025-09-12 19:52:36 [INFO] data: HCLTECH.NS: loaded 1239 rows from cache
2025-09-12 19:52:36 [INFO] data: MARUTI.NS: loaded 1239 rows from cache
2025-09-12 19:52:36 [INFO] data: NESTLEIND.NS: loaded 1239 rows from cache
2025-09-12 19:52:36 [INFO] data: TATASTEEL.NS: loaded 1239 rows from cache
2025-09-12 19:52:36 [INFO] data: ULTRACEMCO.NS: loaded 1239 rows from cache
2025-09-12 19:52:36 [INFO] data: BPCL.NS: loaded 1239 rows from cache
2025-09-12 19:52:36 [INFO] data: BRITANNIA.NS: loaded 1239 rows from cache
2025-09-12 19:52:36 [INFO] data: ITC.NS: loaded 1239 rows from cache
2025-09-12 19:52:36 [INFO] data: KOTAKBANK.NS: loaded 1239 rows from cache
2025-09-12 19:52:36 [INFO] data: TITAN.NS: loaded 1239 rows from cache
2025-09-12 19:52:36 [INFO] data: AXISBANK.NS: loaded 1239 rows from cache
2025-09-12 19:52:36 [INFO] data: DRREDDY.NS: loaded 1239 rows from cache
2025-09-12 19:52:36 [INFO] data: INDUSINDBK.NS: loaded 1239 rows from cache
2025-09-12 19:52:36 [INFO] data: JSWSTEEL.NS: loaded 1239 rows from cache
2025-09-12 19:52:36 [INFO] data: HDFCLIFE.NS: loaded 1239 rows from cache
2025-09-12 19:52:36 [INFO] data: CIPLA.NS: loaded 1239 rows from cache
2025-09-12 19:52:36 [INFO] data: ONGC.NS: loaded 1239 rows from cache
2025-09-12 19:52:36 [INFO] data: INFY.NS: loaded 1239 rows from cache
2025-09-12 19:52:36 [INFO] data: ADANIENT.NS: loaded 1239 rows from cache
2025-09-12 19:52:36 [INFO] data: SBIN.NS: loaded 1239 rows from cache
2025-09-12 19:52:36 [INFO] data: HDFCBANK.NS: loaded 1239 rows from cache
2025-09-12 19:52:36 [INFO] data: GRASIM.NS: loaded 1239 rows from cache
2025-09-12 19:52:36 [INFO] data: M&M.NS: loaded 1239 rows from cache
2025-09-12 19:52:36 [INFO] data: HINDALCO.NS: loaded 1239 rows from cache
2025-09-12 19:52:36 [INFO] data: RELIANCE.NS: loaded 1239 rows from cache
2025-09-12 19:52:36 [INFO] data: BAJAJFINSV.NS: loaded 1239 rows from cache
2025-09-12 19:52:37 [INFO] data: COALINDIA.NS: loaded 1239 rows from cache
2025-09-12 19:52:37 [INFO] data: TCS.NS: loaded 1239 rows from cache
2025-09-12 19:52:37 [INFO] data: POWERGRID.NS: loaded 1239 rows from cache
2025-09-12 19:52:37 [INFO] data: ADANIPORTS.NS: loaded 1239 rows from cache
2025-09-12 19:52:37 [INFO] data: LT.NS: loaded 1239 rows from cache
2025-09-12 19:52:37 [INFO] data: TATACONSUM.NS: loaded 1239 rows from cache
2025-09-12 19:52:37 [INFO] data: TECHM.NS: loaded 1239 rows from cache
2025-09-12 19:52:37 [INFO] data: HEROMOTOCO.NS: loaded 1239 rows from cache
2025-09-12 19:52:37 [INFO] data: ICICIBANK.NS: loaded 1239 rows from cache
2025-09-12 19:52:37 [INFO] data: PNB.NS: loaded 1239 rows from cache
2025-09-12 19:52:37 [INFO] data: ASIANPAINT.NS: loaded 1239 rows from cache
2025-09-12 19:52:37 [INFO] data: SUNPHARMA.NS: loaded 1239 rows from cache
2025-09-12 19:52:37 [INFO] data: EICHERMOT.NS: loaded 1239 rows from cache
2025-09-12 19:52:37 [INFO] data: BANKBARODA.NS: loaded 1239 rows from cache
2025-09-12 19:52:37 [INFO] data: TATAMOTORS.NS: loaded 1239 rows from cache
2025-09-12 19:52:37 [INFO] data: WIPRO.NS: loaded 1239 rows from cache
2025-09-12 19:52:37 [INFO] data: BAJAJ-AUTO.NS: loaded 1239 rows from cache
2025-09-12 19:52:37 [INFO] data: BAJFINANCE.NS: loaded 1239 rows from cache
2025-09-12 19:52:37 [INFO] data: BHARTIARTL.NS: loaded 1239 rows from cache
2025-09-12 19:52:37 [INFO] data: UPL.NS: loaded 1239 rows from cache
2025-09-12 19:52:37 [INFO] data: HINDUNILVR.NS: loaded 1239 rows from cache
2025-09-12 19:52:37 [INFO] data: DIVISLAB.NS: loaded 1239 rows from cache
2025-09-12 19:52:37 [INFO] backtest: Saved summary → /Users/gnandeepnarra/Documents/STOCK-DIY/ai-trading-bot/ai-trading-bot/reports/backtest_walkforward_summary.csv
2025-09-12 19:52:37 [INFO] backtest: ==== Backtest done ====
2025-09-12 19:52:37 [INFO] run_all: ==== Step 4/5: Signals today ====
2025-09-12 19:52:38 [INFO] data: INDUSINDBK.NS: loaded 1239 rows from cache
2025-09-12 19:52:40 [INFO] signals_today: INDUSINDBK.NS: HOLD | proba_up=0.478 (cal), price=740.5, SL=725.4, TP=763.15
2025-09-12 19:52:40 [INFO] data: TATAMOTORS.NS: loaded 1239 rows from cache
2025-09-12 19:52:40 [INFO] signals_today: TATAMOTORS.NS: HOLD | proba_up=0.521 (cal), price=715.25, SL=700.86, TP=736.84
2025-09-12 19:52:40 [INFO] data: SUNPHARMA.NS: loaded 1239 rows from cache
2025-09-12 19:52:40 [INFO] signals_today: SUNPHARMA.NS: HOLD | proba_up=0.739 (cal), price=1616.5999755859375, SL=1590.03, TP=1656.45
2025-09-12 19:52:40 [INFO] data: WIPRO.NS: loaded 1239 rows from cache
2025-09-12 19:52:40 [INFO] signals_today: WIPRO.NS: HOLD | proba_up=0.528 (cal), price=251.94000244140625, SL=246.94, TP=259.43
2025-09-12 19:52:40 [INFO] data: BAJFINANCE.NS: loaded 1239 rows from cache
2025-09-12 19:52:40 [INFO] signals_today: BAJFINANCE.NS: HOLD | proba_up=0.000 (cal), price=1003.25, SL=983.74, TP=1032.52
2025-09-12 19:52:40 [INFO] data: BAJAJFINSV.NS: loaded 1239 rows from cache
2025-09-12 19:52:40 [INFO] signals_today: BAJAJFINSV.NS: HOLD | proba_up=0.400 (cal), price=2081.5, SL=2049.31, TP=2129.78
2025-09-12 19:52:40 [INFO] data: HDFCLIFE.NS: loaded 1239 rows from cache
2025-09-12 19:52:40 [INFO] signals_today: HDFCLIFE.NS: HOLD | proba_up=0.500 (cal), price=779.6500244140625, SL=763.98, TP=803.16
2025-09-12 19:52:40 [INFO] data: PNB.NS: loaded 1239 rows from cache
2025-09-12 19:52:40 [INFO] signals_today: PNB.NS: HOLD | proba_up=0.490 (cal), price=107.30999755859376, SL=105.48, TP=110.05
2025-09-12 19:52:40 [INFO] data: BRITANNIA.NS: loaded 1239 rows from cache
2025-09-12 19:52:40 [INFO] signals_today: BRITANNIA.NS: BUY | proba_up=0.592 (cal), price=6247.0, SL=6112.06, TP=6449.41
2025-09-12 19:52:40 [INFO] data: ULTRACEMCO.NS: loaded 1239 rows from cache
2025-09-12 19:52:40 [INFO] signals_today: ULTRACEMCO.NS: HOLD | proba_up=0.545 (cal), price=12370.0, SL=12173.86, TP=12664.21
2025-09-12 19:52:40 [INFO] data: HDFCBANK.NS: loaded 1239 rows from cache
2025-09-12 19:52:40 [INFO] signals_today: HDFCBANK.NS: HOLD | proba_up=0.628 (cal), price=967.2999877929688, SL=955.4, TP=985.15
2025-09-12 19:52:40 [INFO] data: ADANIPORTS.NS: loaded 1239 rows from cache
2025-09-12 19:52:40 [INFO] signals_today: ADANIPORTS.NS: SELL | proba_up=0.387 (cal), price=1393.0999755859375, SL=1366.54, TP=1432.93
2025-09-12 19:52:40 [INFO] data: EICHERMOT.NS: loaded 1239 rows from cache
2025-09-12 19:52:40 [INFO] signals_today: EICHERMOT.NS: HOLD | proba_up=0.477 (cal), price=6875.0, SL=6738.15, TP=7080.27
2025-09-12 19:52:40 [INFO] data: HCLTECH.NS: loaded 1239 rows from cache
2025-09-12 19:52:40 [INFO] signals_today: HCLTECH.NS: SELL | proba_up=0.348 (cal), price=1467.199951171875, SL=1440.0, TP=1508.0
2025-09-12 19:52:40 [INFO] data: TITAN.NS: loaded 1239 rows from cache
2025-09-12 19:52:40 [INFO] signals_today: TITAN.NS: HOLD | proba_up=0.500 (cal), price=3571.89990234375, SL=3518.35, TP=3652.23
2025-09-12 19:52:40 [INFO] data: TATASTEEL.NS: loaded 1239 rows from cache
2025-09-12 19:52:40 [INFO] signals_today: TATASTEEL.NS: HOLD | proba_up=0.333 (cal), price=169.77999877929688, SL=166.67, TP=174.44
2025-09-12 19:52:40 [INFO] data: TATACONSUM.NS: loaded 1239 rows from cache
2025-09-12 19:52:40 [INFO] signals_today: TATACONSUM.NS: HOLD | proba_up=0.522 (cal), price=1103.9000244140625, SL=1083.13, TP=1135.05
2025-09-12 19:52:40 [INFO] data: BANKBARODA.NS: loaded 1239 rows from cache
2025-09-12 19:52:40 [INFO] signals_today: BANKBARODA.NS: HOLD | proba_up=0.493 (cal), price=237.47999572753903, SL=233.36, TP=243.66
2025-09-12 19:52:40 [INFO] data: CIPLA.NS: loaded 1239 rows from cache
2025-09-12 19:52:40 [INFO] signals_today: CIPLA.NS: BUY | proba_up=0.633 (cal), price=1574.5999755859375, SL=1550.22, TP=1611.17
2025-09-12 19:52:40 [INFO] data: NESTLEIND.NS: loaded 1239 rows from cache
2025-09-12 19:52:40 [INFO] signals_today: NESTLEIND.NS: HOLD | proba_up=0.526 (cal), price=1217.5999755859375, SL=1194.69, TP=1251.96
2025-09-12 19:52:40 [INFO] data: HEROMOTOCO.NS: loaded 1239 rows from cache
2025-09-12 19:52:40 [INFO] signals_today: HEROMOTOCO.NS: BUY | proba_up=0.628 (cal), price=5301.5, SL=5180.77, TP=5482.6
2025-09-12 19:52:40 [INFO] data: JSWSTEEL.NS: loaded 1239 rows from cache
2025-09-12 19:52:40 [INFO] signals_today: JSWSTEEL.NS: BUY | proba_up=0.559 (cal), price=1099.0, SL=1080.11, TP=1127.33
2025-09-12 19:52:40 [INFO] data: LT.NS: loaded 1239 rows from cache
2025-09-12 19:52:40 [INFO] signals_today: LT.NS: SELL | proba_up=0.371 (cal), price=3579.800048828125, SL=3528.67, TP=3656.49
2025-09-12 19:52:40 [INFO] data: POWERGRID.NS: loaded 1239 rows from cache
2025-09-12 19:52:40 [INFO] signals_today: POWERGRID.NS: SELL | proba_up=0.400 (cal), price=287.6499938964844, SL=283.06, TP=294.54
2025-09-12 19:52:40 [INFO] data: HINDALCO.NS: loaded 1239 rows from cache
2025-09-12 19:52:40 [INFO] signals_today: HINDALCO.NS: HOLD | proba_up=0.531 (cal), price=758.0499877929688, SL=745.28, TP=777.21
2025-09-12 19:52:41 [INFO] data: INFY.NS: loaded 1239 rows from cache
2025-09-12 19:52:41 [INFO] signals_today: INFY.NS: HOLD | proba_up=0.500 (cal), price=1525.5999755859375, SL=1493.76, TP=1573.36
2025-09-12 19:52:41 [INFO] data: MARUTI.NS: loaded 1239 rows from cache
2025-09-12 19:52:41 [INFO] signals_today: MARUTI.NS: HOLD | proba_up=0.000 (cal), price=15325.0, SL=15053.3, TP=15732.55
2025-09-12 19:52:41 [INFO] data: COALINDIA.NS: loaded 1239 rows from cache
2025-09-12 19:52:41 [INFO] signals_today: COALINDIA.NS: HOLD | proba_up=0.448 (cal), price=394.3500061035156, SL=388.8, TP=402.68
2025-09-12 19:52:41 [INFO] data: SBIN.NS: loaded 1239 rows from cache
2025-09-12 19:52:41 [INFO] signals_today: SBIN.NS: HOLD | proba_up=0.238 (cal), price=823.5499877929688, SL=814.69, TP=836.83
2025-09-12 19:52:41 [INFO] data: RELIANCE.NS: loaded 1239 rows from cache
2025-09-12 19:52:41 [INFO] signals_today: RELIANCE.NS: HOLD | proba_up=0.533 (cal), price=1395.0, SL=1375.02, TP=1424.97
2025-09-12 19:52:41 [INFO] data: BPCL.NS: loaded 1239 rows from cache
2025-09-12 19:52:41 [INFO] signals_today: BPCL.NS: SELL | proba_up=0.000 (cal), price=318.0, SL=311.38, TP=327.93
2025-09-12 19:52:41 [INFO] data: TCS.NS: loaded 1239 rows from cache
2025-09-12 19:52:41 [INFO] signals_today: TCS.NS: SELL | proba_up=0.403 (cal), price=3133.39990234375, SL=3086.97, TP=3203.04
2025-09-12 19:52:41 [INFO] data: KOTAKBANK.NS: loaded 1239 rows from cache
2025-09-12 19:52:41 [INFO] signals_today: KOTAKBANK.NS: SELL | proba_up=0.404 (cal), price=1972.300048828125, SL=1943.17, TP=2016.0
2025-09-12 19:52:41 [INFO] data: ASIANPAINT.NS: loaded 1239 rows from cache
2025-09-12 19:52:41 [INFO] signals_today: ASIANPAINT.NS: HOLD | proba_up=0.526 (cal), price=2546.300048828125, SL=2506.12, TP=2606.57
2025-09-12 19:52:41 [INFO] data: BHARTIARTL.NS: loaded 1239 rows from cache
2025-09-12 19:52:41 [INFO] signals_today: BHARTIARTL.NS: HOLD | proba_up=0.543 (cal), price=1902.5999755859375, SL=1875.14, TP=1943.78
2025-09-12 19:52:41 [INFO] data: BAJAJ-AUTO.NS: loaded 1239 rows from cache
2025-09-12 19:52:41 [INFO] signals_today: BAJAJ-AUTO.NS: BUY | proba_up=0.582 (cal), price=8999.5, SL=8801.03, TP=9297.21
2025-09-12 19:52:41 [INFO] data: ADANIENT.NS: loaded 1239 rows from cache
2025-09-12 19:52:41 [INFO] signals_today: ADANIENT.NS: HOLD | proba_up=0.514 (cal), price=2392.0, SL=2342.82, TP=2465.76
2025-09-12 19:52:41 [INFO] data: ONGC.NS: loaded 1239 rows from cache
2025-09-12 19:52:41 [INFO] signals_today: ONGC.NS: HOLD | proba_up=0.667 (cal), price=233.25, SL=229.91, TP=238.26
2025-09-12 19:52:41 [INFO] data: AXISBANK.NS: loaded 1239 rows from cache
2025-09-12 19:52:41 [INFO] signals_today: AXISBANK.NS: HOLD | proba_up=0.456 (cal), price=1105.300048828125, SL=1089.14, TP=1129.54
2025-09-12 19:52:41 [INFO] data: HINDUNILVR.NS: loaded 1239 rows from cache
2025-09-12 19:52:41 [INFO] signals_today: HINDUNILVR.NS: BUY | proba_up=0.857 (cal), price=2580.5, SL=2529.96, TP=2656.3
2025-09-12 19:52:41 [INFO] data: ICICIBANK.NS: loaded 1239 rows from cache
2025-09-12 19:52:41 [INFO] signals_today: ICICIBANK.NS: HOLD | proba_up=0.509 (cal), price=1417.699951171875, SL=1401.54, TP=1441.93
2025-09-12 19:52:41 [INFO] data: M&M.NS: loaded 1239 rows from cache
2025-09-12 19:52:41 [INFO] signals_today: M&M.NS: HOLD | proba_up=0.429 (cal), price=3589.89990234375, SL=3502.85, TP=3720.47
2025-09-12 19:52:41 [INFO] data: DRREDDY.NS: loaded 1239 rows from cache
2025-09-12 19:52:41 [INFO] signals_today: DRREDDY.NS: HOLD | proba_up=0.493 (cal), price=1316.699951171875, SL=1292.3, TP=1353.3
2025-09-12 19:52:41 [INFO] data: DIVISLAB.NS: loaded 1239 rows from cache
2025-09-12 19:52:41 [INFO] signals_today: DIVISLAB.NS: HOLD | proba_up=0.511 (cal), price=6026.5, SL=5909.42, TP=6202.12
2025-09-12 19:52:41 [INFO] data: UPL.NS: loaded 1239 rows from cache
2025-09-12 19:52:41 [INFO] signals_today: UPL.NS: BUY | proba_up=0.892 (cal), price=693.0999755859375, SL=674.73, TP=720.65
2025-09-12 19:52:41 [INFO] data: NTPC.NS: loaded 1239 rows from cache
2025-09-12 19:52:41 [INFO] signals_today: NTPC.NS: SELL | proba_up=0.435 (cal), price=331.70001220703125, SL=326.5, TP=339.5
2025-09-12 19:52:41 [INFO] data: TECHM.NS: loaded 1239 rows from cache
2025-09-12 19:52:41 [INFO] signals_today: TECHM.NS: SELL | proba_up=0.397 (cal), price=1525.5, SL=1496.41, TP=1569.13
2025-09-12 19:52:41 [INFO] data: GRASIM.NS: loaded 1239 rows from cache
2025-09-12 19:52:41 [INFO] signals_today: GRASIM.NS: HOLD | proba_up=0.446 (cal), price=2802.0, SL=2756.37, TP=2870.44
2025-09-12 19:52:41 [INFO] data: ITC.NS: loaded 1239 rows from cache
2025-09-12 19:52:41 [INFO] signals_today: ITC.NS: HOLD | proba_up=0.500 (cal), price=413.75, SL=408.15, TP=422.16
2025-09-12 19:52:41 [INFO] signals_today: Saved signals → /Users/gnandeepnarra/Documents/STOCK-DIY/ai-trading-bot/ai-trading-bot/reports/signals_today.csv
2025-09-12 19:52:41 [INFO] signals_today: ==== Signals generation completed ====
2025-09-12 19:52:42 [INFO] run_all: ==== Step 5/5: Filter signals ====
2025-09-12 19:52:43 [INFO] filter_signals: ✅ Ranked 7 actionable signals (BUY/SELL only, CAGR>-1.0, MaxDD<=20.0, no dead strategies)
2025-09-12 19:52:43 [INFO] run_all: ==== Pipeline complete ====
