2025-09-14 04:32:33 [INFO] data: SRF.NS: downloaded 1239 rows (saved to SRF_NS_1d.csv)
2025-09-14 04:32:33 [INFO] data: BPCL.NS: downloaded 1239 rows (saved to BPCL_NS_1d.csv)
2025-09-14 04:32:33 [INFO] data: ZYDUSLIFE.NS: downloaded 1239 rows (saved to ZYDUSLIFE_NS_1d.csv)
2025-09-14 04:32:34 [INFO] data: LUPIN.NS: downloaded 1239 rows (saved to LUPIN_NS_1d.csv)
2025-09-14 04:32:34 [INFO] data: INDHOTEL.NS: downloaded 1239 rows (saved to INDHOTEL_NS_1d.csv)
2025-09-14 04:32:34 [INFO] data: ONGC.NS: downloaded 1239 rows (saved to ONGC_NS_1d.csv)
2025-09-14 04:32:35 [INFO] data: AFFLE.NS: downloaded 1239 rows (saved to AFFLE_NS_1d.csv)
2025-09-14 04:32:35 [INFO] data: NEWGEN.NS: downloaded 1239 rows (saved to NEWGEN_NS_1d.csv)
2025-09-14 04:32:35 [INFO] data: BAJAJFINSV.NS: downloaded 1239 rows (saved to BAJAJFINSV_NS_1d.csv)
2025-09-14 04:32:35 [INFO] data: ULTRACEMCO.NS: downloaded 1239 rows (saved to ULTRACEMCO_NS_1d.csv)
2025-09-14 04:32:36 [INFO] data: HDFCAMC.NS: downloaded 1239 rows (saved to HDFCAMC_NS_1d.csv)
2025-09-14 04:32:36 [INFO] data: EICHERMOT.NS: downloaded 1239 rows (saved to EICHERMOT_NS_1d.csv)
2025-09-14 04:32:36 [INFO] data: SBICARD.NS: downloaded 1239 rows (saved to SBICARD_NS_1d.csv)
2025-09-14 04:32:37 [INFO] data: NESTLEIND.NS: downloaded 1239 rows (saved to NESTLEIND_NS_1d.csv)
2025-09-14 04:32:37 [INFO] data: RELIANCE.NS: downloaded 1239 rows (saved to RELIANCE_NS_1d.csv)
2025-09-14 04:32:38 [INFO] data: ITC.NS: downloaded 1239 rows (saved to ITC_NS_1d.csv)
2025-09-14 04:32:38 [INFO] data: OIL.NS: downloaded 1239 rows (saved to OIL_NS_1d.csv)
2025-09-14 04:32:38 [INFO] data: HDFCBANK.NS: downloaded 1239 rows (saved to HDFCBANK_NS_1d.csv)
2025-09-14 04:32:39 [INFO] data: ASTRAL.NS: downloaded 1239 rows (saved to ASTRAL_NS_1d.csv)
2025-09-14 04:32:39 [INFO] data: HDFCLIFE.NS: downloaded 1239 rows (saved to HDFCLIFE_NS_1d.csv)
2025-09-14 04:32:39 [INFO] data: VOLTAS.NS: downloaded 1239 rows (saved to VOLTAS_NS_1d.csv)
2025-09-14 04:32:39 [INFO] data: AIAENG.NS: downloaded 1239 rows (saved to AIAENG_NS_1d.csv)
2025-09-14 04:32:40 [INFO] data: NTPC.NS: downloaded 1239 rows (saved to NTPC_NS_1d.csv)
2025-09-14 04:32:40 [INFO] data: LODHA.NS: downloaded 1092 rows (saved to LODHA_NS_1d.csv)
2025-09-14 04:32:40 [INFO] data: HCLTECH.NS: downloaded 1239 rows (saved to HCLTECH_NS_1d.csv)
2025-09-14 04:32:41 [INFO] data: TATACONSUM.NS: downloaded 1239 rows (saved to TATACONSUM_NS_1d.csv)
2025-09-14 04:32:41 [INFO] data: AXISBANK.NS: downloaded 1239 rows (saved to AXISBANK_NS_1d.csv)
2025-09-14 04:32:41 [INFO] data: NYKAA.NS: downloaded 952 rows (saved to NYKAA_NS_1d.csv)
2025-09-14 04:32:42 [INFO] data: NMDC.NS: downloaded 1239 rows (saved to NMDC_NS_1d.csv)
2025-09-14 04:32:42 [WARNING] data: NAVINFLUOR.NS: empty response (attempt 1/3)
2025-09-14 04:41:14 [INFO] data: ICICIBANK.NS: downloaded 1239 rows (saved to ICICIBANK_NS_1d.csv)
2025-09-14 04:41:14 [INFO] data: EICHERMOT.NS: cache already up-to-date (last=2025-09-12)
2025-09-14 04:41:14 [INFO] data: LODHA.NS: cache already up-to-date (last=2025-09-12)
2025-09-14 04:41:14 [INFO] data: IDFCFIRSTB.NS: downloaded 1239 rows (saved to IDFCFIRSTB_NS_1d.csv)
2025-09-14 04:41:15 [INFO] data: GOKEX.NS: downloaded 1239 rows (saved to GOKEX_NS_1d.csv)
2025-09-14 04:41:15 [INFO] data: BSE.NS: downloaded 1239 rows (saved to BSE_NS_1d.csv)
2025-09-14 04:41:15 [INFO] data: HINDPETRO.NS: downloaded 1239 rows (saved to HINDPETRO_NS_1d.csv)
2025-09-14 04:41:16 [INFO] data: IDEA.NS: downloaded 1239 rows (saved to IDEA_NS_1d.csv)
2025-09-14 04:41:16 [INFO] data: INDUSTOWER.NS: downloaded 1239 rows (saved to INDUSTOWER_NS_1d.csv)
2025-09-14 04:41:16 [INFO] data: HDFCAMC.NS: cache already up-to-date (last=2025-09-12)
2025-09-14 04:41:16 [INFO] data: SBICARD.NS: cache already up-to-date (last=2025-09-12)
2025-09-14 04:41:16 [INFO] data: KOTAKBANK.NS: downloaded 1239 rows (saved to KOTAKBANK_NS_1d.csv)
2025-09-14 04:41:17 [INFO] data: PHOENIXLTD.NS: downloaded 1239 rows (saved to PHOENIXLTD_NS_1d.csv)
2025-09-14 04:41:17 [INFO] data: JSWSTEEL.NS: downloaded 1239 rows (saved to JSWSTEEL_NS_1d.csv)
2025-09-14 04:41:17 [INFO] data: NESTLEIND.NS: cache already up-to-date (last=2025-09-12)
2025-09-14 04:41:18 [INFO] data: LT.NS: downloaded 1239 rows (saved to LT_NS_1d.csv)
2025-09-14 04:41:18 [INFO] data: SRF.NS: cache already up-to-date (last=2025-09-12)
2025-09-14 04:41:18 [INFO] data: SUPREMEIND.NS: downloaded 1239 rows (saved to SUPREMEIND_NS_1d.csv)
2025-09-14 04:41:19 [INFO] data: DEEPAKNTR.NS: downloaded 1239 rows (saved to DEEPAKNTR_NS_1d.csv)
2025-09-14 04:41:19 [INFO] data: ITC.NS: cache already up-to-date (last=2025-09-12)
2025-09-14 04:41:19 [INFO] data: SUNPHARMA.NS: downloaded 1239 rows (saved to SUNPHARMA_NS_1d.csv)
2025-09-14 04:41:19 [INFO] data: UPL.NS: downloaded 1239 rows (saved to UPL_NS_1d.csv)
2025-09-14 04:41:22 [INFO] data: OBEROIRLTY.NS: downloaded 1239 rows (saved to OBEROIRLTY_NS_1d.csv)
2025-09-14 04:41:23 [INFO] data: COFORGE.NS: downloaded 1239 rows (saved to COFORGE_NS_1d.csv)
2025-09-14 04:41:23 [INFO] data: COLPAL.NS: downloaded 1239 rows (saved to COLPAL_NS_1d.csv)
2025-09-14 04:41:23 [INFO] data: HINDUNILVR.NS: downloaded 1239 rows (saved to HINDUNILVR_NS_1d.csv)
2025-09-14 04:41:24 [INFO] data: TCS.NS: downloaded 1239 rows (saved to TCS_NS_1d.csv)
2025-09-14 04:41:24 [INFO] data: CANFINHOME.NS: downloaded 1239 rows (saved to CANFINHOME_NS_1d.csv)
2025-09-14 04:41:24 [INFO] data: ZYDUSLIFE.NS: cache already up-to-date (last=2025-09-12)
2025-09-14 04:41:25 [INFO] data: BHARTIARTL.NS: downloaded 1239 rows (saved to BHARTIARTL_NS_1d.csv)
2025-09-14 04:41:25 [INFO] data: RELIANCE.NS: cache already up-to-date (last=2025-09-12)
2025-09-14 04:41:26 [INFO] data: POWERGRID.NS: downloaded 1239 rows (saved to POWERGRID_NS_1d.csv)
2025-09-14 04:41:26 [INFO] data: HDFCLIFE.NS: cache already up-to-date (last=2025-09-12)
2025-09-14 04:41:26 [INFO] data: PGEL.NS: downloaded 1239 rows (saved to PGEL_NS_1d.csv)
2025-09-14 04:41:27 [INFO] data: NEWGEN.NS: cache already up-to-date (last=2025-09-12)
2025-09-14 04:41:27 [INFO] data: NMDC.NS: cache already up-to-date (last=2025-09-12)
2025-09-14 04:41:27 [INFO] data: ICICIPRULI.NS: downloaded 1239 rows (saved to ICICIPRULI_NS_1d.csv)
2025-09-14 04:41:27 [INFO] data: OIL.NS: cache already up-to-date (last=2025-09-12)
2025-09-14 04:41:28 [INFO] data: PRESTIGE.NS: downloaded 1239 rows (saved to PRESTIGE_NS_1d.csv)
2025-09-14 04:41:28 [INFO] data: COALINDIA.NS: downloaded 1239 rows (saved to COALINDIA_NS_1d.csv)
2025-09-14 04:41:28 [INFO] data: PERSISTENT.NS: downloaded 1239 rows (saved to PERSISTENT_NS_1d.csv)
2025-09-14 04:41:29 [INFO] data: GRASIM.NS: downloaded 1239 rows (saved to GRASIM_NS_1d.csv)
2025-09-14 04:41:29 [INFO] data: M&M.NS: downloaded 1239 rows (saved to M&M_NS_1d.csv)
2025-09-14 04:41:29 [INFO] data: TATAPOWER.NS: downloaded 1239 rows (saved to TATAPOWER_NS_1d.csv)
2025-09-14 04:41:30 [INFO] data: MUTHOOTFIN.NS: downloaded 1239 rows (saved to MUTHOOTFIN_NS_1d.csv)
2025-09-14 04:41:30 [INFO] data: ALKEM.NS: downloaded 1239 rows (saved to ALKEM_NS_1d.csv)
2025-09-14 04:41:30 [INFO] data: OFSS.NS: downloaded 1239 rows (saved to OFSS_NS_1d.csv)
2025-09-14 04:41:31 [INFO] data: BAJAJFINSV.NS: cache already up-to-date (last=2025-09-12)
2025-09-14 04:41:31 [INFO] data: MARICO.NS: downloaded 1239 rows (saved to MARICO_NS_1d.csv)
2025-09-14 04:41:31 [INFO] data: MRF.NS: downloaded 1239 rows (saved to MRF_NS_1d.csv)
2025-09-14 04:41:32 [INFO] data: ADANIPORTS.NS: downloaded 1239 rows (saved to ADANIPORTS_NS_1d.csv)
2025-09-14 04:41:32 [INFO] data: BPCL.NS: cache already up-to-date (last=2025-09-12)
2025-09-14 04:41:32 [INFO] data: WIPRO.NS: downloaded 1239 rows (saved to WIPRO_NS_1d.csv)
2025-09-14 04:41:32 [INFO] data: PVRINOX.NS: downloaded 684 rows (saved to PVRINOX_NS_1d.csv)
2025-09-14 04:41:33 [INFO] data: PETRONET.NS: downloaded 1239 rows (saved to PETRONET_NS_1d.csv)
2025-09-14 04:41:33 [INFO] data: NAVINFLUOR.NS: downloaded 1239 rows (saved to NAVINFLUOR_NS_1d.csv)
2025-09-14 04:41:33 [INFO] data: PIIND.NS: downloaded 1239 rows (saved to PIIND_NS_1d.csv)
2025-09-14 04:41:34 [INFO] data: TATACOMM.NS: downloaded 1239 rows (saved to TATACOMM_NS_1d.csv)
2025-09-14 04:41:34 [INFO] data: TORNTPOWER.NS: downloaded 1239 rows (saved to TORNTPOWER_NS_1d.csv)
2025-09-14 04:41:34 [INFO] data: HCLTECH.NS: cache already up-to-date (last=2025-09-12)
2025-09-14 04:41:35 [INFO] data: AXISBANK.NS: cache already up-to-date (last=2025-09-12)
2025-09-14 04:41:35 [INFO] data: SBIN.NS: downloaded 1239 rows (saved to SBIN_NS_1d.csv)
2025-09-14 04:41:35 [INFO] data: POLYCAB.NS: downloaded 1239 rows (saved to POLYCAB_NS_1d.csv)
2025-09-14 04:41:35 [INFO] data: SUZLON.NS: downloaded 1239 rows (saved to SUZLON_NS_1d.csv)
2025-09-14 04:41:36 [INFO] data: CUMMINSIND.NS: downloaded 1239 rows (saved to CUMMINSIND_NS_1d.csv)
2025-09-14 04:41:36 [INFO] data: VOLTAS.NS: cache already up-to-date (last=2025-09-12)
2025-09-14 04:41:36 [INFO] data: LUPIN.NS: cache already up-to-date (last=2025-09-12)
2025-09-14 04:41:37 [INFO] data: TECHM.NS: downloaded 1239 rows (saved to TECHM_NS_1d.csv)
2025-09-14 04:41:37 [INFO] data: BAJFINANCE.NS: downloaded 1239 rows (saved to BAJFINANCE_NS_1d.csv)
2025-09-14 04:41:37 [INFO] data: HEROMOTOCO.NS: downloaded 1239 rows (saved to HEROMOTOCO_NS_1d.csv)
2025-09-14 04:41:37 [INFO] data: DIVISLAB.NS: downloaded 1239 rows (saved to DIVISLAB_NS_1d.csv)
2025-09-14 04:41:38 [INFO] data: AIAENG.NS: cache already up-to-date (last=2025-09-12)
2025-09-14 04:41:38 [INFO] data: CROMPTON.NS: downloaded 1239 rows (saved to CROMPTON_NS_1d.csv)
2025-09-14 04:41:38 [INFO] data: TATACONSUM.NS: cache already up-to-date (last=2025-09-12)
2025-09-14 04:41:39 [INFO] data: DIXON.NS: downloaded 1239 rows (saved to DIXON_NS_1d.csv)
2025-09-14 04:41:39 [INFO] data: AUROPHARMA.NS: downloaded 1239 rows (saved to AUROPHARMA_NS_1d.csv)
2025-09-14 04:41:39 [INFO] data: HINDALCO.NS: downloaded 1239 rows (saved to HINDALCO_NS_1d.csv)
2025-09-14 04:41:40 [INFO] data: MARUTI.NS: downloaded 1239 rows (saved to MARUTI_NS_1d.csv)
2025-09-14 04:41:40 [INFO] data: BRITANNIA.NS: downloaded 1239 rows (saved to BRITANNIA_NS_1d.csv)
2025-09-14 04:41:40 [INFO] data: MPHASIS.NS: downloaded 1239 rows (saved to MPHASIS_NS_1d.csv)
2025-09-14 04:41:41 [INFO] data: CONCOR.NS: downloaded 1239 rows (saved to CONCOR_NS_1d.csv)
2025-09-14 04:41:41 [INFO] data: AFFLE.NS: cache already up-to-date (last=2025-09-12)
2025-09-14 04:41:41 [INFO] data: ADANIENT.NS: downloaded 1239 rows (saved to ADANIENT_NS_1d.csv)
2025-09-14 04:41:42 [INFO] data: NYKAA.NS: cache already up-to-date (last=2025-09-12)
2025-09-14 04:41:42 [INFO] data: NTPC.NS: cache already up-to-date (last=2025-09-12)
2025-09-14 04:41:42 [INFO] data: FEDERALBNK.NS: downloaded 1239 rows (saved to FEDERALBNK_NS_1d.csv)
2025-09-14 04:41:43 [INFO] data: CIPLA.NS: downloaded 1239 rows (saved to CIPLA_NS_1d.csv)
2025-09-14 04:41:43 [INFO] data: INFY.NS: downloaded 1239 rows (saved to INFY_NS_1d.csv)
2025-09-14 04:41:43 [INFO] data: METROPOLIS.NS: downloaded 1239 rows (saved to METROPOLIS_NS_1d.csv)
2025-09-14 04:41:43 [INFO] data: BANKBARODA.NS: downloaded 1239 rows (saved to BANKBARODA_NS_1d.csv)
2025-09-14 04:41:44 [INFO] data: ASIANPAINT.NS: downloaded 1239 rows (saved to ASIANPAINT_NS_1d.csv)
2025-09-14 04:41:44 [INFO] data: BAJAJ-AUTO.NS: downloaded 1239 rows (saved to BAJAJ-AUTO_NS_1d.csv)
2025-09-14 04:41:44 [INFO] data: HDFCBANK.NS: cache already up-to-date (last=2025-09-12)
2025-09-14 04:41:45 [INFO] data: YESBANK.NS: downloaded 1239 rows (saved to YESBANK_NS_1d.csv)
2025-09-14 04:41:45 [INFO] data: ASTRAL.NS: cache already up-to-date (last=2025-09-12)
2025-09-14 04:41:45 [INFO] data: IRCTC.NS: downloaded 1239 rows (saved to IRCTC_NS_1d.csv)
2025-09-14 04:41:45 [INFO] data: LAURUSLABS.NS: downloaded 1239 rows (saved to LAURUSLABS_NS_1d.csv)
2025-09-14 04:41:46 [INFO] data: DRREDDY.NS: downloaded 1239 rows (saved to DRREDDY_NS_1d.csv)
2025-09-14 04:41:46 [INFO] data: ASHOKLEY.NS: downloaded 1239 rows (saved to ASHOKLEY_NS_1d.csv)
2025-09-14 04:41:46 [INFO] data: IREDA.NS: downloaded 444 rows (saved to IREDA_NS_1d.csv)
2025-09-14 04:41:46 [INFO] data: GLAND.NS: downloaded 1191 rows (saved to GLAND_NS_1d.csv)
2025-09-14 04:41:47 [INFO] data: TORNTPHARM.NS: downloaded 1239 rows (saved to TORNTPHARM_NS_1d.csv)
2025-09-14 04:41:47 [INFO] data: ARVIND.NS: downloaded 1239 rows (saved to ARVIND_NS_1d.csv)
2025-09-14 04:41:47 [INFO] data: TATAMOTORS.NS: downloaded 1239 rows (saved to TATAMOTORS_NS_1d.csv)
2025-09-14 04:41:48 [INFO] data: TATAELXSI.NS: downloaded 1239 rows (saved to TATAELXSI_NS_1d.csv)
2025-09-14 04:41:48 [INFO] data: BHARATFORG.NS: downloaded 1239 rows (saved to BHARATFORG_NS_1d.csv)
2025-09-14 04:41:48 [INFO] data: INDHOTEL.NS: cache already up-to-date (last=2025-09-12)
2025-09-14 04:41:49 [INFO] data: IEX.NS: downloaded 1239 rows (saved to IEX_NS_1d.csv)
2025-09-14 04:41:49 [INFO] data: INDUSINDBK.NS: downloaded 1239 rows (saved to INDUSINDBK_NS_1d.csv)
2025-09-14 04:41:49 [INFO] data: BALKRISIND.NS: downloaded 1239 rows (saved to BALKRISIND_NS_1d.csv)
2025-09-14 04:41:49 [INFO] data: TITAN.NS: downloaded 1239 rows (saved to TITAN_NS_1d.csv)
2025-09-14 04:41:50 [INFO] data: NHPC.NS: downloaded 1239 rows (saved to NHPC_NS_1d.csv)
2025-09-14 04:41:50 [INFO] data: LTIM.NS: downloaded 1239 rows (saved to LTIM_NS_1d.csv)
2025-09-14 04:41:50 [INFO] data: ONGC.NS: cache already up-to-date (last=2025-09-12)
2025-09-14 04:41:51 [INFO] data: ULTRACEMCO.NS: cache already up-to-date (last=2025-09-12)
2025-09-14 04:41:51 [INFO] data: MAXHEALTH.NS: downloaded 1239 rows (saved to MAXHEALTH_NS_1d.csv)
2025-09-14 04:41:51 [INFO] data: GODREJPROP.NS: downloaded 1239 rows (saved to GODREJPROP_NS_1d.csv)
2025-09-14 04:41:51 [INFO] data: PNB.NS: downloaded 1239 rows (saved to PNB_NS_1d.csv)
2025-09-14 04:41:52 [INFO] data: TIINDIA.NS: downloaded 1239 rows (saved to TIINDIA_NS_1d.csv)
2025-09-14 04:41:52 [INFO] data: TATASTEEL.NS: downloaded 1239 rows (saved to TATASTEEL_NS_1d.csv)
2025-09-14 04:41:52 [INFO] data: GUJGASLTD.NS: downloaded 1239 rows (saved to GUJGASLTD_NS_1d.csv)
2025-09-14 04:41:59 [INFO] data: NYKAA.NS: cache already up-to-date (last=2025-09-12)
2025-09-14 04:41:59 [INFO] data: BPCL.NS: cache already up-to-date (last=2025-09-12)
2025-09-14 04:41:59 [INFO] data: TATACONSUM.NS: cache already up-to-date (last=2025-09-12)
2025-09-14 04:41:59 [INFO] data: IREDA.NS: cache already up-to-date (last=2025-09-12)
2025-09-14 04:41:59 [INFO] data: ZYDUSLIFE.NS: cache already up-to-date (last=2025-09-12)
2025-09-14 04:41:59 [INFO] data: ADANIENT.NS: cache already up-to-date (last=2025-09-12)
2025-09-14 04:41:59 [INFO] data: HINDUNILVR.NS: cache already up-to-date (last=2025-09-12)
2025-09-14 04:41:59 [INFO] data: TIINDIA.NS: cache already up-to-date (last=2025-09-12)
2025-09-14 04:46:04 [INFO] data: SBICARD.NS: cache already up-to-date (last=2025-09-12)
2025-09-14 04:46:04 [INFO] data: SBIN.NS: cache already up-to-date (last=2025-09-12)
2025-09-14 04:46:05 [INFO] data: DRREDDY.NS: cache already up-to-date (last=2025-09-12)
2025-09-14 04:46:05 [INFO] data: CONCOR.NS: cache already up-to-date (last=2025-09-12)
2025-09-14 04:46:05 [INFO] data: ADANIPORTS.NS: cache already up-to-date (last=2025-09-12)
2025-09-14 04:46:05 [INFO] data: SUPREMEIND.NS: cache already up-to-date (last=2025-09-12)
2025-09-14 04:46:06 [INFO] data: PHOENIXLTD.NS: cache already up-to-date (last=2025-09-12)
2025-09-14 04:46:06 [INFO] data: POLYCAB.NS: cache already up-to-date (last=2025-09-12)
2025-09-14 04:46:06 [INFO] data: PIIND.NS: cache already up-to-date (last=2025-09-12)
2025-09-14 04:46:06 [INFO] data: BPCL.NS: cache already up-to-date (last=2025-09-12)
2025-09-14 04:46:06 [INFO] data: INFY.NS: cache already up-to-date (last=2025-09-12)
2025-09-14 04:46:07 [INFO] data: MARICO.NS: cache already up-to-date (last=2025-09-12)
2025-09-14 04:46:07 [INFO] data: ICICIBANK.NS: cache already up-to-date (last=2025-09-12)
2025-09-14 04:46:07 [INFO] data: PVRINOX.NS: cache already up-to-date (last=2025-09-12)
2025-09-14 04:46:07 [INFO] data: ULTRACEMCO.NS: cache already up-to-date (last=2025-09-12)
2025-09-14 04:46:08 [INFO] data: IDEA.NS: cache already up-to-date (last=2025-09-12)
2025-09-14 04:46:08 [INFO] data: TATAELXSI.NS: cache already up-to-date (last=2025-09-12)
2025-09-14 04:46:08 [INFO] data: CUMMINSIND.NS: cache already up-to-date (last=2025-09-12)
2025-09-14 04:46:08 [INFO] data: GLAND.NS: cache already up-to-date (last=2025-09-12)
2025-09-14 04:46:08 [INFO] data: BHARTIARTL.NS: cache already up-to-date (last=2025-09-12)
2025-09-14 04:46:09 [INFO] data: PGEL.NS: cache already up-to-date (last=2025-09-12)
2025-09-14 04:46:09 [INFO] data: ONGC.NS: cache already up-to-date (last=2025-09-12)
2025-09-14 04:46:09 [INFO] data: HINDPETRO.NS: cache already up-to-date (last=2025-09-12)
2025-09-14 04:46:09 [INFO] data: MARUTI.NS: cache already up-to-date (last=2025-09-12)
2025-09-14 04:46:10 [INFO] data: TECHM.NS: cache already up-to-date (last=2025-09-12)
2025-09-14 04:46:10 [INFO] data: TITAN.NS: cache already up-to-date (last=2025-09-12)
2025-09-14 04:46:10 [INFO] data: BSE.NS: cache already up-to-date (last=2025-09-12)
2025-09-14 04:46:10 [INFO] data: COLPAL.NS: cache already up-to-date (last=2025-09-12)
2025-09-14 04:46:11 [INFO] data: TATACONSUM.NS: cache already up-to-date (last=2025-09-12)
2025-09-14 04:46:11 [INFO] data: BHARATFORG.NS: cache already up-to-date (last=2025-09-12)
2025-09-14 04:46:11 [INFO] data: GUJGASLTD.NS: cache already up-to-date (last=2025-09-12)
2025-09-14 04:46:11 [INFO] data: NMDC.NS: cache already up-to-date (last=2025-09-12)
2025-09-14 04:46:11 [INFO] data: CIPLA.NS: cache already up-to-date (last=2025-09-12)
2025-09-14 04:46:12 [INFO] data: AXISBANK.NS: cache already up-to-date (last=2025-09-12)
2025-09-14 04:46:12 [INFO] data: WIPRO.NS: cache already up-to-date (last=2025-09-12)
2025-09-14 04:46:12 [INFO] data: SUNPHARMA.NS: cache already up-to-date (last=2025-09-12)
2025-09-14 04:46:13 [INFO] data: RELIANCE.NS: cache already up-to-date (last=2025-09-12)
2025-09-14 04:46:13 [INFO] data: ZYDUSLIFE.NS: cache already up-to-date (last=2025-09-12)
2025-09-14 04:46:13 [INFO] data: IEX.NS: cache already up-to-date (last=2025-09-12)
2025-09-14 04:46:13 [INFO] data: NAVINFLUOR.NS: cache already up-to-date (last=2025-09-12)
2025-09-14 04:46:13 [INFO] data: FEDERALBNK.NS: cache already up-to-date (last=2025-09-12)
2025-09-14 04:46:14 [INFO] data: ADANIENT.NS: cache already up-to-date (last=2025-09-12)
2025-09-14 04:46:14 [INFO] data: INDUSTOWER.NS: cache already up-to-date (last=2025-09-12)
2025-09-14 04:46:14 [INFO] data: TIINDIA.NS: cache already up-to-date (last=2025-09-12)
2025-09-14 04:46:14 [INFO] data: GOKEX.NS: cache already up-to-date (last=2025-09-12)
2025-09-14 04:46:14 [INFO] data: HDFCAMC.NS: cache already up-to-date (last=2025-09-12)
2025-09-14 04:46:15 [INFO] data: IRCTC.NS: cache already up-to-date (last=2025-09-12)
2025-09-14 04:46:15 [INFO] data: TATAPOWER.NS: cache already up-to-date (last=2025-09-12)
2025-09-14 04:46:15 [INFO] data: NEWGEN.NS: cache already up-to-date (last=2025-09-12)
2025-09-14 04:46:15 [INFO] data: LUPIN.NS: cache already up-to-date (last=2025-09-12)
2025-09-14 04:46:16 [INFO] data: INDUSINDBK.NS: cache already up-to-date (last=2025-09-12)
2025-09-14 04:46:16 [INFO] data: HINDALCO.NS: cache already up-to-date (last=2025-09-12)
2025-09-14 04:46:16 [INFO] data: OFSS.NS: cache already up-to-date (last=2025-09-12)
2025-09-14 04:46:16 [INFO] data: AUROPHARMA.NS: cache already up-to-date (last=2025-09-12)
2025-09-14 04:46:17 [INFO] data: MAXHEALTH.NS: cache already up-to-date (last=2025-09-12)
2025-09-14 04:46:17 [INFO] data: HINDUNILVR.NS: cache already up-to-date (last=2025-09-12)
2025-09-14 04:46:17 [INFO] data: TATAMOTORS.NS: cache already up-to-date (last=2025-09-12)
2025-09-14 04:46:17 [INFO] data: UPL.NS: cache already up-to-date (last=2025-09-12)
2025-09-14 04:46:18 [INFO] data: PRESTIGE.NS: cache already up-to-date (last=2025-09-12)
2025-09-14 04:46:18 [INFO] data: BAJAJ-AUTO.NS: cache already up-to-date (last=2025-09-12)
2025-09-14 04:46:18 [INFO] data: NYKAA.NS: cache already up-to-date (last=2025-09-12)
2025-09-14 04:46:18 [INFO] data: SRF.NS: cache already up-to-date (last=2025-09-12)
2025-09-14 04:46:18 [INFO] data: VOLTAS.NS: cache already up-to-date (last=2025-09-12)
2025-09-14 04:46:19 [INFO] data: NESTLEIND.NS: cache already up-to-date (last=2025-09-12)
2025-09-14 04:46:19 [INFO] data: HDFCLIFE.NS: cache already up-to-date (last=2025-09-12)
2025-09-14 04:46:19 [INFO] data: NHPC.NS: cache already up-to-date (last=2025-09-12)
2025-09-14 04:46:19 [INFO] data: JSWSTEEL.NS: cache already up-to-date (last=2025-09-12)
2025-09-14 04:46:20 [INFO] data: DIVISLAB.NS: cache already up-to-date (last=2025-09-12)
2025-09-14 04:46:20 [INFO] data: LODHA.NS: cache already up-to-date (last=2025-09-12)
2025-09-14 04:46:20 [INFO] data: PNB.NS: cache already up-to-date (last=2025-09-12)
2025-09-14 04:46:20 [INFO] data: LAURUSLABS.NS: cache already up-to-date (last=2025-09-12)
2025-09-14 04:46:21 [INFO] data: TORNTPHARM.NS: cache already up-to-date (last=2025-09-12)
2025-09-14 04:46:21 [INFO] data: IDFCFIRSTB.NS: cache already up-to-date (last=2025-09-12)
2025-09-14 04:46:21 [INFO] data: HEROMOTOCO.NS: cache already up-to-date (last=2025-09-12)
2025-09-14 04:46:21 [INFO] data: AFFLE.NS: cache already up-to-date (last=2025-09-12)
2025-09-14 04:46:21 [INFO] data: LTIM.NS: cache already up-to-date (last=2025-09-12)
2025-09-14 04:46:22 [INFO] data: TORNTPOWER.NS: cache already up-to-date (last=2025-09-12)
2025-09-14 04:46:22 [INFO] data: CROMPTON.NS: cache already up-to-date (last=2025-09-12)
2025-09-14 04:46:22 [INFO] data: ARVIND.NS: cache already up-to-date (last=2025-09-12)
2025-09-14 04:46:22 [INFO] data: TATACOMM.NS: cache already up-to-date (last=2025-09-12)
2025-09-14 04:46:23 [INFO] data: AIAENG.NS: cache already up-to-date (last=2025-09-12)
2025-09-14 04:46:23 [INFO] data: SUZLON.NS: cache already up-to-date (last=2025-09-12)
2025-09-14 04:46:23 [INFO] data: ITC.NS: cache already up-to-date (last=2025-09-12)
2025-09-14 04:46:24 [INFO] data: YESBANK.NS: cache already up-to-date (last=2025-09-12)
2025-09-14 04:46:24 [INFO] data: ICICIPRULI.NS: cache already up-to-date (last=2025-09-12)
2025-09-14 04:46:24 [INFO] data: EICHERMOT.NS: cache already up-to-date (last=2025-09-12)
2025-09-14 04:46:24 [INFO] data: ALKEM.NS: cache already up-to-date (last=2025-09-12)
2025-09-14 04:46:24 [INFO] data: TATASTEEL.NS: cache already up-to-date (last=2025-09-12)
2025-09-14 04:46:25 [INFO] data: PETRONET.NS: cache already up-to-date (last=2025-09-12)
2025-09-14 04:46:25 [INFO] data: DIXON.NS: cache already up-to-date (last=2025-09-12)
2025-09-14 04:46:25 [INFO] data: PERSISTENT.NS: cache already up-to-date (last=2025-09-12)
2025-09-14 04:46:25 [INFO] data: OBEROIRLTY.NS: cache already up-to-date (last=2025-09-12)
2025-09-14 04:46:25 [INFO] data: MUTHOOTFIN.NS: cache already up-to-date (last=2025-09-12)
2025-09-14 04:46:26 [INFO] data: TCS.NS: cache already up-to-date (last=2025-09-12)
2025-09-14 04:46:26 [INFO] data: POWERGRID.NS: cache already up-to-date (last=2025-09-12)
2025-09-14 04:46:26 [INFO] data: COALINDIA.NS: cache already up-to-date (last=2025-09-12)
2025-09-14 04:46:26 [INFO] data: HDFCBANK.NS: cache already up-to-date (last=2025-09-12)
2025-09-14 04:46:27 [INFO] data: IREDA.NS: cache already up-to-date (last=2025-09-12)
2025-09-14 04:46:27 [INFO] data: MRF.NS: cache already up-to-date (last=2025-09-12)
2025-09-14 04:46:27 [INFO] data: M&M.NS: cache already up-to-date (last=2025-09-12)
2025-09-14 04:46:27 [INFO] data: BAJFINANCE.NS: cache already up-to-date (last=2025-09-12)
2025-09-14 04:46:28 [INFO] data: ASIANPAINT.NS: cache already up-to-date (last=2025-09-12)
2025-09-14 04:46:28 [INFO] data: ASHOKLEY.NS: cache already up-to-date (last=2025-09-12)
2025-09-14 04:46:28 [INFO] data: GODREJPROP.NS: cache already up-to-date (last=2025-09-12)
2025-09-14 04:46:28 [INFO] data: LT.NS: cache already up-to-date (last=2025-09-12)
2025-09-14 04:46:29 [INFO] data: NTPC.NS: cache already up-to-date (last=2025-09-12)
2025-09-14 04:46:29 [INFO] data: GRASIM.NS: cache already up-to-date (last=2025-09-12)
2025-09-14 04:46:29 [INFO] data: COFORGE.NS: cache already up-to-date (last=2025-09-12)
2025-09-14 04:46:29 [INFO] data: KOTAKBANK.NS: cache already up-to-date (last=2025-09-12)
2025-09-14 04:46:30 [INFO] data: BALKRISIND.NS: cache already up-to-date (last=2025-09-12)
2025-09-14 04:46:30 [INFO] data: ASTRAL.NS: cache already up-to-date (last=2025-09-12)
2025-09-14 04:46:30 [INFO] data: HCLTECH.NS: cache already up-to-date (last=2025-09-12)
2025-09-14 04:46:30 [INFO] data: DEEPAKNTR.NS: cache already up-to-date (last=2025-09-12)
2025-09-14 04:46:31 [INFO] data: BAJAJFINSV.NS: cache already up-to-date (last=2025-09-12)
2025-09-14 04:46:31 [INFO] data: METROPOLIS.NS: cache already up-to-date (last=2025-09-12)
2025-09-14 04:46:31 [INFO] data: CANFINHOME.NS: cache already up-to-date (last=2025-09-12)
2025-09-14 04:46:31 [INFO] data: INDHOTEL.NS: cache already up-to-date (last=2025-09-12)
2025-09-14 04:46:32 [INFO] data: BRITANNIA.NS: cache already up-to-date (last=2025-09-12)
2025-09-14 04:46:32 [INFO] data: MPHASIS.NS: cache already up-to-date (last=2025-09-12)
2025-09-14 04:46:32 [INFO] data: OIL.NS: cache already up-to-date (last=2025-09-12)
2025-09-14 04:46:32 [INFO] data: BANKBARODA.NS: cache already up-to-date (last=2025-09-12)
2025-09-14 04:46:38 [INFO] data: TORNTPHARM.NS: cache already up-to-date (last=2025-09-12)
2025-09-14 04:46:38 [INFO] data: POLYCAB.NS: cache already up-to-date (last=2025-09-12)
2025-09-14 04:46:38 [INFO] data: LUPIN.NS: cache already up-to-date (last=2025-09-12)
2025-09-14 04:46:38 [INFO] data: HDFCLIFE.NS: cache already up-to-date (last=2025-09-12)
2025-09-14 04:46:38 [INFO] data: SUPREMEIND.NS: cache already up-to-date (last=2025-09-12)
2025-09-14 04:46:38 [INFO] data: AXISBANK.NS: cache already up-to-date (last=2025-09-12)
2025-09-14 04:46:38 [INFO] data: NESTLEIND.NS: cache already up-to-date (last=2025-09-12)
2025-09-14 04:46:39 [INFO] data: TATAPOWER.NS: cache already up-to-date (last=2025-09-12)
2025-09-14 04:54:15 [INFO] data: INFY.NS: cache already up-to-date (last=2025-09-12)
2025-09-14 04:54:15 [INFO] data: M&M.NS: cache already up-to-date (last=2025-09-12)
2025-09-14 04:54:15 [INFO] data: GUJGASLTD.NS: cache already up-to-date (last=2025-09-12)
2025-09-14 04:54:16 [INFO] data: PGEL.NS: cache already up-to-date (last=2025-09-12)
2025-09-14 04:54:16 [INFO] data: BRITANNIA.NS: cache already up-to-date (last=2025-09-12)
2025-09-14 04:54:16 [INFO] data: BAJAJ-AUTO.NS: cache already up-to-date (last=2025-09-12)
2025-09-14 04:54:16 [INFO] data: HCLTECH.NS: cache already up-to-date (last=2025-09-12)
2025-09-14 04:54:17 [INFO] data: DRREDDY.NS: cache already up-to-date (last=2025-09-12)
2025-09-14 04:54:17 [INFO] data: GLAND.NS: cache already up-to-date (last=2025-09-12)
2025-09-14 04:54:17 [INFO] data: ADANIPORTS.NS: cache already up-to-date (last=2025-09-12)
2025-09-14 04:54:17 [INFO] data: BAJAJFINSV.NS: cache already up-to-date (last=2025-09-12)
2025-09-14 04:54:18 [INFO] data: GOKEX.NS: cache already up-to-date (last=2025-09-12)
2025-09-14 04:54:18 [INFO] data: TATAPOWER.NS: cache already up-to-date (last=2025-09-12)
2025-09-14 04:54:18 [INFO] data: PERSISTENT.NS: cache already up-to-date (last=2025-09-12)
2025-09-14 04:54:18 [INFO] data: LAURUSLABS.NS: cache already up-to-date (last=2025-09-12)
2025-09-14 04:54:18 [INFO] data: IDFCFIRSTB.NS: cache already up-to-date (last=2025-09-12)
2025-09-14 04:54:19 [INFO] data: HEROMOTOCO.NS: no new rows from Yahoo after 2025-09-12; using cache
