2025-09-14 02:36:35 [INFO] signals_today: SBICARD.NS: HOLD | proba_up=0.786, price=856.1500244140625, SL=None, TP=None
2025-09-14 02:36:35 [INFO] signals_today: IDFCFIRSTB.NS: HOLD | proba_up=0.465, price=72.04000091552734, SL=None, TP=None
2025-09-14 02:36:36 [INFO] signals_today: SUZLON.NS: HOLD | proba_up=0.380, price=57.11000061035156, SL=None, TP=None
2025-09-14 02:36:36 [INFO] signals_today: MUTHOOTFIN.NS: HOLD | proba_up=0.135, price=2926.199951171875, SL=None, TP=None
2025-09-14 02:36:37 [INFO] signals_today: TORNTPOWER.NS: HOLD | proba_up=0.810, price=1267.800048828125, SL=None, TP=None
2025-09-14 02:36:38 [INFO] signals_today: TITAN.NS: HOLD | proba_up=0.553, price=3571.89990234375, SL=None, TP=None
2025-09-14 02:36:38 [INFO] signals_today: COALINDIA.NS: HOLD | proba_up=0.156, price=394.3500061035156, SL=None, TP=None
2025-09-14 02:36:39 [INFO] signals_today: TORNTPHARM.NS: HOLD | proba_up=0.082, price=3566.199951171875, SL=None, TP=None
2025-09-14 02:36:39 [INFO] signals_today: HINDUNILVR.NS: HOLD | proba_up=0.729, price=2580.5, SL=2529.96, TP=2656.3
2025-09-14 02:36:40 [INFO] signals_today: SUPREMEIND.NS: HOLD | proba_up=0.794, price=4532.7001953125, SL=4414.44, TP=4710.09
2025-09-14 02:36:40 [INFO] signals_today: AFFLE.NS: HOLD | proba_up=0.095, price=2075.89990234375, SL=None, TP=None
2025-09-14 02:36:41 [INFO] signals_today: MARUTI.NS: HOLD | proba_up=0.064, price=15325.0, SL=None, TP=None
2025-09-14 02:36:42 [INFO] signals_today: UPL.NS: HOLD | proba_up=0.681, price=693.0999755859375, SL=None, TP=None
2025-09-14 02:36:42 [INFO] signals_today: AIAENG.NS: HOLD | proba_up=0.620, price=3087.89990234375, SL=None, TP=None
2025-09-14 02:36:43 [INFO] signals_today: OFSS.NS: HOLD | proba_up=0.517, price=8979.0, SL=None, TP=None
2025-09-14 02:36:44 [INFO] signals_today: BAJAJ-AUTO.NS: HOLD | proba_up=0.397, price=8999.5, SL=None, TP=None
2025-09-14 02:36:44 [INFO] signals_today: COLPAL.NS: HOLD | proba_up=0.851, price=2353.699951171875, SL=2301.85, TP=2431.48
2025-09-14 02:36:45 [INFO] signals_today: IREDA.NS: HOLD | proba_up=0.526, price=147.35000610351562, SL=None, TP=None
2025-09-14 02:36:45 [INFO] signals_today: WIPRO.NS: HOLD | proba_up=0.400, price=251.94000244140625, SL=None, TP=None
2025-09-14 02:36:46 [INFO] signals_today: ITC.NS: SELL | proba_up=0.356, price=413.75, SL=419.35, TP=405.34
2025-09-14 02:36:47 [INFO] signals_today: DRREDDY.NS: HOLD | proba_up=0.872, price=1316.699951171875, SL=1292.3, TP=1353.3
2025-09-14 02:36:47 [INFO] signals_today: POWERGRID.NS: SELL | proba_up=0.219, price=287.6499938964844, SL=292.24, TP=280.76
2025-09-14 02:36:48 [INFO] signals_today: NHPC.NS: HOLD | proba_up=0.637, price=83.5, SL=None, TP=None
2025-09-14 02:36:48 [INFO] signals_today: NTPC.NS: HOLD | proba_up=0.692, price=331.70001220703125, SL=None, TP=None
2025-09-14 02:36:49 [INFO] signals_today: CROMPTON.NS: SELL | proba_up=0.395, price=314.45001220703125, SL=321.33, TP=304.13
2025-09-14 02:36:49 [INFO] signals_today: BAJFINANCE.NS: HOLD | proba_up=0.445, price=1003.25, SL=None, TP=None
2025-09-14 02:36:50 [INFO] signals_today: GOKEX.NS: HOLD | proba_up=0.920, price=764.9500122070312, SL=None, TP=None
2025-09-14 02:36:51 [INFO] signals_today: LT.NS: SELL | proba_up=0.304, price=3579.800048828125, SL=3630.93, TP=3503.11
2025-09-14 02:36:51 [INFO] signals_today: NESTLEIND.NS: HOLD | proba_up=0.238, price=1217.5999755859375, SL=None, TP=None
2025-09-14 02:36:52 [INFO] signals_today: RELIANCE.NS: SELL | proba_up=0.236, price=1395.0, SL=1414.98, TP=1365.03
2025-09-14 02:36:52 [INFO] signals_today: MAXHEALTH.NS: SELL | proba_up=0.282, price=1184.199951171875, SL=1211.25, TP=1143.63
2025-09-14 02:36:53 [INFO] signals_today: CANFINHOME.NS: HOLD | proba_up=0.712, price=746.3499755859375, SL=None, TP=None
2025-09-14 02:36:53 [INFO] signals_today: HDFCLIFE.NS: HOLD | proba_up=0.190, price=779.6500244140625, SL=None, TP=None
2025-09-14 02:36:54 [INFO] signals_today: TATAMOTORS.NS: HOLD | proba_up=0.593, price=715.25, SL=700.86, TP=736.84
2025-09-14 02:36:55 [INFO] signals_today: INDHOTEL.NS: HOLD | proba_up=0.547, price=777.7000122070312, SL=None, TP=None
2025-09-14 02:36:55 [INFO] signals_today: ARVIND.NS: HOLD | proba_up=0.362, price=326.79998779296875, SL=None, TP=None
2025-09-14 02:36:56 [INFO] signals_today: NYKAA.NS: HOLD | proba_up=0.249, price=239.1699981689453, SL=None, TP=None
2025-09-14 02:36:56 [INFO] signals_today: CONCOR.NS: HOLD | proba_up=0.702, price=550.0499877929688, SL=None, TP=None
2025-09-14 02:36:57 [INFO] signals_today: CIPLA.NS: HOLD | proba_up=0.134, price=1574.5999755859375, SL=None, TP=None
2025-09-14 02:36:58 [INFO] signals_today: PNB.NS: HOLD | proba_up=0.757, price=107.30999755859376, SL=None, TP=None
2025-09-14 02:36:59 [INFO] signals_today: BHARTIARTL.NS: SELL | proba_up=0.164, price=1902.5999755859375, SL=1930.06, TP=1861.42
2025-09-14 02:36:59 [INFO] signals_today: VOLTAS.NS: HOLD | proba_up=0.511, price=1403.5999755859375, SL=None, TP=None
2025-09-14 02:37:00 [INFO] signals_today: GLAND.NS: BUY | proba_up=0.496, price=2021.199951171875, SL=1965.34, TP=2104.99
2025-09-14 02:37:00 [INFO] signals_today: SUNPHARMA.NS: HOLD | proba_up=0.778, price=1616.5999755859375, SL=None, TP=None
2025-09-14 02:37:01 [INFO] signals_today: TECHM.NS: SELL | proba_up=0.315, price=1525.5, SL=1554.59, TP=1481.87
2025-09-14 02:37:02 [INFO] signals_today: LTIM.NS: HOLD | proba_up=0.667, price=5332.5, SL=5216.62, TP=5506.32
2025-09-14 02:37:02 [INFO] signals_today: IEX.NS: SELL | proba_up=0.464, price=144.83999633789062, SL=148.46, TP=139.41
2025-09-14 02:37:03 [INFO] signals_today: IRCTC.NS: SELL | proba_up=0.244, price=722.2000122070312, SL=731.43, TP=708.35
2025-09-14 02:37:03 [INFO] signals_today: GUJGASLTD.NS: HOLD | proba_up=0.920, price=431.0499877929687, SL=None, TP=None
2025-09-14 02:37:04 [INFO] signals_today: GODREJPROP.NS: HOLD | proba_up=0.740, price=1998.9000244140625, SL=None, TP=None
2025-09-14 02:37:04 [INFO] signals_today: BANKBARODA.NS: HOLD | proba_up=0.615, price=237.47999572753903, SL=None, TP=None
2025-09-14 02:37:05 [INFO] signals_today: MPHASIS.NS: HOLD | proba_up=0.492, price=2904.199951171875, SL=None, TP=None
2025-09-14 02:37:06 [INFO] signals_today: HDFCBANK.NS: SELL | proba_up=0.211, price=967.2999877929688, SL=979.2, TP=949.45
2025-09-14 02:37:06 [INFO] signals_today: OIL.NS: HOLD | proba_up=0.547, price=398.3999938964844, SL=None, TP=None
2025-09-14 02:37:07 [INFO] signals_today: INFY.NS: SELL | proba_up=0.187, price=1525.5999755859375, SL=1557.44, TP=1477.84
2025-09-14 02:37:08 [INFO] signals_today: PERSISTENT.NS: SELL | proba_up=0.308, price=5411.0, SL=5548.07, TP=5205.4
2025-09-14 02:37:08 [INFO] signals_today: SBIN.NS: HOLD | proba_up=0.151, price=823.5499877929688, SL=None, TP=None
2025-09-14 02:37:09 [INFO] signals_today: EICHERMOT.NS: HOLD | proba_up=0.103, price=6875.0, SL=None, TP=None
2025-09-14 02:37:09 [INFO] signals_today: AXISBANK.NS: HOLD | proba_up=0.501, price=1105.300048828125, SL=None, TP=None
2025-09-14 02:37:10 [INFO] signals_today: PGEL.NS: HOLD | proba_up=0.852, price=569.9000244140625, SL=None, TP=None
2025-09-14 02:37:11 [INFO] signals_today: BSE.NS: SELL | proba_up=0.221, price=2201.199951171875, SL=2286.11, TP=2073.83
2025-09-14 02:37:11 [INFO] signals_today: LODHA.NS: HOLD | proba_up=0.474, price=1168.300048828125, SL=None, TP=None
2025-09-14 02:37:12 [INFO] signals_today: BRITANNIA.NS: HOLD | proba_up=0.242, price=6247.0, SL=None, TP=None
2025-09-14 02:37:12 [INFO] signals_today: TATACOMM.NS: HOLD | proba_up=0.758, price=1614.0, SL=None, TP=None
2025-09-14 02:37:13 [INFO] signals_today: NMDC.NS: HOLD | proba_up=0.276, price=76.47000122070312, SL=None, TP=None
2025-09-14 02:37:13 [INFO] signals_today: ICICIPRULI.NS: SELL | proba_up=0.355, price=600.7999877929688, SL=613.62, TP=581.57
2025-09-14 02:37:14 [INFO] signals_today: DEEPAKNTR.NS: SELL | proba_up=0.430, price=1749.5999755859375, SL=1783.44, TP=1698.84
2025-09-14 02:37:15 [INFO] signals_today: ADANIENT.NS: HOLD | proba_up=0.382, price=2392.0, SL=None, TP=None
2025-09-14 02:37:15 [INFO] signals_today: AUROPHARMA.NS: SELL | proba_up=0.202, price=1094.4000244140625, SL=1121.05, TP=1054.43
2025-09-14 02:37:16 [INFO] signals_today: ASHOKLEY.NS: HOLD | proba_up=0.262, price=134.08999633789062, SL=None, TP=None
2025-09-14 02:37:17 [INFO] signals_today: HCLTECH.NS: HOLD | proba_up=0.708, price=1467.199951171875, SL=None, TP=None
2025-09-14 02:37:17 [INFO] signals_today: DIVISLAB.NS: HOLD | proba_up=0.394, price=6026.5, SL=None, TP=None
2025-09-14 02:37:18 [INFO] signals_today: BAJAJFINSV.NS: HOLD | proba_up=0.096, price=2081.5, SL=None, TP=None
2025-09-14 02:37:18 [INFO] signals_today: TIINDIA.NS: HOLD | proba_up=0.398, price=3231.199951171875, SL=None, TP=None
2025-09-14 02:37:19 [INFO] signals_today: NAVINFLUOR.NS: SELL | proba_up=0.261, price=4791.0, SL=4921.9, TP=4594.65
2025-09-14 02:37:19 [INFO] signals_today: PIIND.NS: HOLD | proba_up=0.553, price=3701.0, SL=None, TP=None
2025-09-14 02:37:20 [INFO] signals_today: KOTAKBANK.NS: SELL | proba_up=0.094, price=1972.300048828125, SL=2001.43, TP=1928.6
2025-09-14 02:37:21 [INFO] signals_today: M&M.NS: HOLD | proba_up=0.101, price=3589.89990234375, SL=None, TP=None
2025-09-14 02:37:21 [INFO] signals_today: TATAELXSI.NS: HOLD | proba_up=0.814, price=5721.5, SL=None, TP=None
2025-09-14 02:37:22 [INFO] signals_today: ZYDUSLIFE.NS: HOLD | proba_up=0.223, price=1044.75, SL=None, TP=None
2025-09-14 02:37:22 [INFO] signals_today: YESBANK.NS: HOLD | proba_up=0.352, price=20.86000061035156, SL=None, TP=None
2025-09-14 02:37:23 [INFO] signals_today: OBEROIRLTY.NS: HOLD | proba_up=0.511, price=1601.9000244140625, SL=None, TP=None
2025-09-14 02:37:24 [INFO] signals_today: PRESTIGE.NS: SELL | proba_up=0.205, price=1549.699951171875, SL=1591.31, TP=1487.28
2025-09-14 02:37:24 [INFO] signals_today: CUMMINSIND.NS: HOLD | proba_up=0.056, price=4030.39990234375, SL=None, TP=None
2025-09-14 02:37:25 [INFO] signals_today: GRASIM.NS: HOLD | proba_up=0.239, price=2802.0, SL=None, TP=None
2025-09-14 02:37:25 [INFO] signals_today: PVRINOX.NS: BUY | proba_up=0.736, price=1120.800048828125, SL=1087.5, TP=1170.75
2025-09-14 02:37:26 [INFO] signals_today: TCS.NS: HOLD | proba_up=0.905, price=3133.39990234375, SL=None, TP=None
2025-09-14 02:37:27 [INFO] signals_today: POLYCAB.NS: HOLD | proba_up=0.290, price=7254.5, SL=None, TP=None
2025-09-14 02:37:27 [INFO] signals_today: BHARATFORG.NS: SELL | proba_up=0.252, price=1223.0, SL=1255.52, TP=1174.22
2025-09-14 02:37:28 [INFO] signals_today: TATAPOWER.NS: SELL | proba_up=0.209, price=386.25, SL=392.32, TP=377.15
2025-09-14 02:37:28 [INFO] signals_today: HDFCAMC.NS: HOLD | proba_up=0.067, price=5798.5, SL=None, TP=None
2025-09-14 02:37:29 [INFO] signals_today: HINDALCO.NS: HOLD | proba_up=0.167, price=758.0499877929688, SL=None, TP=None
2025-09-14 02:37:30 [INFO] signals_today: PHOENIXLTD.NS: HOLD | proba_up=0.867, price=1560.0999755859375, SL=1520.81, TP=1619.04
2025-09-14 02:37:30 [INFO] signals_today: HEROMOTOCO.NS: HOLD | proba_up=0.508, price=5301.5, SL=None, TP=None
2025-09-14 02:37:31 [INFO] signals_today: LUPIN.NS: HOLD | proba_up=0.623, price=2043.4000244140625, SL=2002.71, TP=2104.44
2025-09-14 02:37:31 [INFO] signals_today: IDEA.NS: HOLD | proba_up=0.093, price=7.659999847412109, SL=None, TP=None
2025-09-14 02:37:32 [INFO] signals_today: COFORGE.NS: SELL | proba_up=0.382, price=1764.0, SL=1810.51, TP=1694.24
2025-09-14 02:37:33 [INFO] signals_today: ADANIPORTS.NS: SELL | proba_up=0.106, price=1393.0999755859375, SL=1419.66, TP=1353.27
2025-09-14 02:37:33 [INFO] signals_today: BPCL.NS: SELL | proba_up=0.139, price=318.0, SL=324.62, TP=308.07
2025-09-14 02:37:34 [INFO] signals_today: TATACONSUM.NS: HOLD | proba_up=0.338, price=1103.9000244140625, SL=None, TP=None
2025-09-14 02:37:34 [INFO] signals_today: BALKRISIND.NS: HOLD | proba_up=0.549, price=2388.699951171875, SL=None, TP=None
2025-09-14 02:37:35 [INFO] signals_today: INDUSINDBK.NS: SELL | proba_up=0.252, price=740.5, SL=755.6, TP=717.85
2025-09-14 02:37:36 [INFO] signals_today: JSWSTEEL.NS: HOLD | proba_up=0.227, price=1099.0, SL=None, TP=None
2025-09-14 02:37:36 [INFO] signals_today: ULTRACEMCO.NS: HOLD | proba_up=0.296, price=12370.0, SL=None, TP=None
2025-09-14 02:37:37 [INFO] signals_today: ASIANPAINT.NS: BUY | proba_up=0.571, price=2546.300048828125, SL=2506.12, TP=2606.57
2025-09-14 02:37:37 [INFO] signals_today: HINDPETRO.NS: SELL | proba_up=0.220, price=398.75, SL=407.46, TP=385.69
2025-09-14 02:37:38 [INFO] signals_today: LAURUSLABS.NS: HOLD | proba_up=0.042, price=896.0499877929688, SL=None, TP=None
2025-09-14 02:37:39 [INFO] signals_today: MARICO.NS: HOLD | proba_up=0.436, price=734.5499877929688, SL=None, TP=None
2025-09-14 02:37:39 [INFO] signals_today: ASTRAL.NS: SELL | proba_up=0.159, price=1461.0999755859375, SL=1496.2, TP=1408.45
2025-09-14 02:37:40 [INFO] signals_today: PETRONET.NS: SELL | proba_up=0.336, price=277.95001220703125, SL=283.15, TP=270.15
2025-09-14 02:37:40 [INFO] signals_today: TATASTEEL.NS: HOLD | proba_up=0.215, price=169.77999877929688, SL=None, TP=None
2025-09-14 02:37:41 [INFO] signals_today: DIXON.NS: HOLD | proba_up=0.424, price=18103.0, SL=None, TP=None
2025-09-14 02:37:42 [INFO] signals_today: SRF.NS: HOLD | proba_up=0.471, price=2971.699951171875, SL=None, TP=None
2025-09-14 02:37:42 [INFO] signals_today: FEDERALBNK.NS: HOLD | proba_up=0.578, price=194.36000061035156, SL=None, TP=None
2025-09-14 02:37:43 [INFO] signals_today: NEWGEN.NS: HOLD | proba_up=0.765, price=887.5, SL=None, TP=None
2025-09-14 02:37:43 [INFO] signals_today: ICICIBANK.NS: SELL | proba_up=0.310, price=1417.699951171875, SL=1433.86, TP=1393.47
2025-09-14 02:37:44 [INFO] signals_today: INDUSTOWER.NS: SELL | proba_up=0.097, price=361.8500061035156, SL=371.58, TP=347.25
2025-09-14 02:37:44 [INFO] signals_today: METROPOLIS.NS: HOLD | proba_up=0.720, price=2063.0, SL=1990.37, TP=2171.95
2025-09-14 02:37:45 [INFO] signals_today: ALKEM.NS: HOLD | proba_up=0.599, price=5448.0, SL=5355.72, TP=5586.42
2025-09-14 02:37:46 [INFO] signals_today: ONGC.NS: HOLD | proba_up=0.747, price=233.25, SL=None, TP=None
2025-09-14 02:37:46 [INFO] signals_today: MRF.NS: HOLD | proba_up=0.636, price=146570.0, SL=None, TP=None
2025-09-14 02:37:46 [INFO] signals_today: Saved signals → /Users/gnandeepnarra/Documents/STOCK-DIY/ai-trading-bot/ai_trading_bot/core/reports/signals_today.csv
2025-09-14 02:37:46 [INFO] signals_today: ==== Signals generation completed ====
2025-09-14 03:41:16 [INFO] signals_today: MUTHOOTFIN.NS: HOLD | proba_up=0.135, price=2926.199951171875, SL=None, TP=None
2025-09-14 03:41:16 [INFO] signals_today: SUNPHARMA.NS: HOLD | proba_up=0.778, price=1616.5999755859375, SL=None, TP=None
2025-09-14 03:41:17 [INFO] signals_today: NHPC.NS: HOLD | proba_up=0.637, price=83.5, SL=None, TP=None
2025-09-14 03:41:17 [INFO] signals_today: METROPOLIS.NS: HOLD | proba_up=0.720, price=2063.0, SL=1990.37, TP=2171.95
2025-09-14 03:41:18 [INFO] signals_today: ASIANPAINT.NS: BUY | proba_up=0.571, price=2546.300048828125, SL=2506.12, TP=2606.57
2025-09-14 03:41:19 [INFO] signals_today: M&M.NS: HOLD | proba_up=0.101, price=3589.89990234375, SL=None, TP=None
2025-09-14 03:41:19 [INFO] signals_today: PRESTIGE.NS: SELL | proba_up=0.205, price=1549.699951171875, SL=1591.31, TP=1487.28
2025-09-14 03:41:20 [INFO] signals_today: ONGC.NS: HOLD | proba_up=0.747, price=233.25, SL=None, TP=None
2025-09-14 03:41:20 [INFO] signals_today: BAJFINANCE.NS: HOLD | proba_up=0.445, price=1003.25, SL=None, TP=None
2025-09-14 03:41:21 [INFO] signals_today: LTIM.NS: HOLD | proba_up=0.667, price=5332.5, SL=5216.62, TP=5506.32
2025-09-14 03:41:21 [INFO] signals_today: TCS.NS: HOLD | proba_up=0.905, price=3133.39990234375, SL=None, TP=None
2025-09-14 03:41:22 [INFO] signals_today: HINDALCO.NS: HOLD | proba_up=0.167, price=758.0499877929688, SL=None, TP=None
2025-09-14 03:41:23 [INFO] signals_today: PHOENIXLTD.NS: HOLD | proba_up=0.867, price=1560.0999755859375, SL=1520.81, TP=1619.04
2025-09-14 03:41:23 [INFO] signals_today: HCLTECH.NS: HOLD | proba_up=0.708, price=1467.199951171875, SL=None, TP=None
2025-09-14 03:41:24 [INFO] signals_today: MAXHEALTH.NS: SELL | proba_up=0.282, price=1184.199951171875, SL=1211.25, TP=1143.63
2025-09-14 03:41:24 [INFO] signals_today: POWERGRID.NS: SELL | proba_up=0.219, price=287.6499938964844, SL=292.24, TP=280.76
2025-09-14 03:41:25 [INFO] signals_today: DIXON.NS: HOLD | proba_up=0.424, price=18103.0, SL=None, TP=None
2025-09-14 03:41:26 [INFO] signals_today: PNB.NS: HOLD | proba_up=0.757, price=107.30999755859376, SL=None, TP=None
2025-09-14 03:41:26 [INFO] signals_today: BHARTIARTL.NS: SELL | proba_up=0.164, price=1902.5999755859375, SL=1930.06, TP=1861.42
2025-09-14 03:41:27 [INFO] signals_today: JSWSTEEL.NS: HOLD | proba_up=0.227, price=1099.0, SL=None, TP=None
2025-09-14 03:41:27 [INFO] signals_today: GODREJPROP.NS: HOLD | proba_up=0.740, price=1998.9000244140625, SL=None, TP=None
2025-09-14 03:41:28 [INFO] signals_today: LUPIN.NS: HOLD | proba_up=0.623, price=2043.4000244140625, SL=2002.71, TP=2104.44
2025-09-14 03:41:29 [INFO] signals_today: CONCOR.NS: HOLD | proba_up=0.702, price=550.0499877929688, SL=None, TP=None
2025-09-14 03:41:29 [INFO] signals_today: PGEL.NS: HOLD | proba_up=0.852, price=569.9000244140625, SL=None, TP=None
2025-09-14 03:41:30 [INFO] signals_today: INDUSINDBK.NS: SELL | proba_up=0.252, price=740.5, SL=755.6, TP=717.85
2025-09-14 03:41:30 [INFO] signals_today: DIVISLAB.NS: HOLD | proba_up=0.394, price=6026.5, SL=None, TP=None
2025-09-14 03:41:31 [INFO] signals_today: AXISBANK.NS: HOLD | proba_up=0.501, price=1105.300048828125, SL=None, TP=None
2025-09-14 03:41:31 [INFO] signals_today: CROMPTON.NS: SELL | proba_up=0.395, price=314.45001220703125, SL=321.33, TP=304.13
2025-09-14 03:41:32 [INFO] signals_today: IDFCFIRSTB.NS: HOLD | proba_up=0.465, price=72.04000091552734, SL=None, TP=None
2025-09-14 03:41:33 [INFO] signals_today: NYKAA.NS: HOLD | proba_up=0.249, price=239.1699981689453, SL=None, TP=None
2025-09-14 03:41:33 [INFO] signals_today: ALKEM.NS: HOLD | proba_up=0.599, price=5448.0, SL=5355.72, TP=5586.42
2025-09-14 03:41:34 [INFO] signals_today: ICICIPRULI.NS: SELL | proba_up=0.355, price=600.7999877929688, SL=613.62, TP=581.57
2025-09-14 03:41:35 [INFO] signals_today: KOTAKBANK.NS: SELL | proba_up=0.094, price=1972.300048828125, SL=2001.43, TP=1928.6
2025-09-14 03:41:35 [INFO] signals_today: MARUTI.NS: HOLD | proba_up=0.064, price=15325.0, SL=None, TP=None
2025-09-14 03:41:36 [INFO] signals_today: ASTRAL.NS: SELL | proba_up=0.159, price=1461.0999755859375, SL=1496.2, TP=1408.45
2025-09-14 03:41:36 [INFO] signals_today: BSE.NS: SELL | proba_up=0.221, price=2201.199951171875, SL=2286.11, TP=2073.83
2025-09-14 03:41:37 [INFO] signals_today: MRF.NS: HOLD | proba_up=0.636, price=146570.0, SL=None, TP=None
2025-09-14 03:41:38 [INFO] signals_today: SBIN.NS: HOLD | proba_up=0.151, price=823.5499877929688, SL=None, TP=None
2025-09-14 03:41:38 [INFO] signals_today: TIINDIA.NS: HOLD | proba_up=0.398, price=3231.199951171875, SL=None, TP=None
2025-09-14 03:41:39 [INFO] signals_today: TATASTEEL.NS: HOLD | proba_up=0.215, price=169.77999877929688, SL=None, TP=None
2025-09-14 03:41:39 [INFO] signals_today: AUROPHARMA.NS: SELL | proba_up=0.202, price=1094.4000244140625, SL=1121.05, TP=1054.43
2025-09-14 03:41:40 [INFO] signals_today: CUMMINSIND.NS: HOLD | proba_up=0.056, price=4030.39990234375, SL=None, TP=None
2025-09-14 03:41:41 [INFO] signals_today: LT.NS: SELL | proba_up=0.304, price=3579.800048828125, SL=3630.93, TP=3503.11
2025-09-14 03:41:41 [INFO] signals_today: POLYCAB.NS: HOLD | proba_up=0.290, price=7254.5, SL=None, TP=None
2025-09-14 03:41:42 [INFO] signals_today: ICICIBANK.NS: SELL | proba_up=0.310, price=1417.699951171875, SL=1433.86, TP=1393.47
2025-09-14 03:41:42 [INFO] signals_today: INDHOTEL.NS: HOLD | proba_up=0.547, price=777.7000122070312, SL=None, TP=None
2025-09-14 03:41:43 [INFO] signals_today: IRCTC.NS: SELL | proba_up=0.244, price=722.2000122070312, SL=731.43, TP=708.35
2025-09-14 03:41:43 [INFO] signals_today: SBICARD.NS: HOLD | proba_up=0.786, price=856.1500244140625, SL=None, TP=None
2025-09-14 03:41:44 [INFO] signals_today: PIIND.NS: HOLD | proba_up=0.553, price=3701.0, SL=None, TP=None
2025-09-14 03:41:45 [INFO] signals_today: ARVIND.NS: HOLD | proba_up=0.362, price=326.79998779296875, SL=None, TP=None
2025-09-14 03:41:45 [INFO] signals_today: FEDERALBNK.NS: HOLD | proba_up=0.578, price=194.36000061035156, SL=None, TP=None
2025-09-14 03:41:46 [INFO] signals_today: CIPLA.NS: HOLD | proba_up=0.134, price=1574.5999755859375, SL=None, TP=None
2025-09-14 03:41:46 [INFO] signals_today: INDUSTOWER.NS: SELL | proba_up=0.097, price=361.8500061035156, SL=371.58, TP=347.25
2025-09-14 03:41:47 [INFO] signals_today: HINDUNILVR.NS: HOLD | proba_up=0.729, price=2580.5, SL=2529.96, TP=2656.3
2025-09-14 03:41:47 [INFO] signals_today: TORNTPOWER.NS: HOLD | proba_up=0.810, price=1267.800048828125, SL=None, TP=None
2025-09-14 03:41:48 [INFO] signals_today: OBEROIRLTY.NS: HOLD | proba_up=0.511, price=1601.9000244140625, SL=None, TP=None
2025-09-14 03:41:49 [INFO] signals_today: GUJGASLTD.NS: HOLD | proba_up=0.920, price=431.0499877929687, SL=None, TP=None
2025-09-14 03:41:49 [INFO] signals_today: BANKBARODA.NS: HOLD | proba_up=0.615, price=237.47999572753903, SL=None, TP=None
2025-09-14 03:41:50 [INFO] signals_today: SRF.NS: HOLD | proba_up=0.471, price=2971.699951171875, SL=None, TP=None
2025-09-14 03:41:50 [INFO] signals_today: HDFCAMC.NS: HOLD | proba_up=0.067, price=5798.5, SL=None, TP=None
2025-09-14 03:41:51 [INFO] signals_today: BAJAJ-AUTO.NS: HOLD | proba_up=0.397, price=8999.5, SL=None, TP=None
2025-09-14 03:41:52 [INFO] signals_today: MARICO.NS: HOLD | proba_up=0.436, price=734.5499877929688, SL=None, TP=None
2025-09-14 03:41:52 [INFO] signals_today: SUPREMEIND.NS: HOLD | proba_up=0.794, price=4532.7001953125, SL=4414.44, TP=4710.09
2025-09-14 03:41:53 [INFO] signals_today: HEROMOTOCO.NS: HOLD | proba_up=0.508, price=5301.5, SL=None, TP=None
2025-09-14 03:41:53 [INFO] signals_today: HINDPETRO.NS: SELL | proba_up=0.220, price=398.75, SL=407.46, TP=385.69
2025-09-14 03:41:54 [INFO] signals_today: GOKEX.NS: HOLD | proba_up=0.920, price=764.9500122070312, SL=None, TP=None
2025-09-14 03:41:55 [INFO] signals_today: SUZLON.NS: HOLD | proba_up=0.380, price=57.11000061035156, SL=None, TP=None
2025-09-14 03:41:55 [INFO] signals_today: WIPRO.NS: HOLD | proba_up=0.400, price=251.94000244140625, SL=None, TP=None
2025-09-14 03:41:56 [INFO] signals_today: DRREDDY.NS: HOLD | proba_up=0.872, price=1316.699951171875, SL=1292.3, TP=1353.3
2025-09-14 03:41:56 [INFO] signals_today: TATAPOWER.NS: SELL | proba_up=0.209, price=386.25, SL=392.32, TP=377.15
2025-09-14 03:41:57 [INFO] signals_today: TITAN.NS: HOLD | proba_up=0.553, price=3571.89990234375, SL=None, TP=None
2025-09-14 03:41:58 [INFO] signals_today: IEX.NS: SELL | proba_up=0.464, price=144.83999633789062, SL=148.46, TP=139.41
2025-09-14 03:41:58 [INFO] signals_today: NESTLEIND.NS: HOLD | proba_up=0.238, price=1217.5999755859375, SL=None, TP=None
2025-09-14 03:41:59 [INFO] signals_today: NAVINFLUOR.NS: SELL | proba_up=0.261, price=4791.0, SL=4921.9, TP=4594.65
2025-09-14 03:41:59 [INFO] signals_today: NEWGEN.NS: HOLD | proba_up=0.765, price=887.5, SL=None, TP=None
2025-09-14 03:42:00 [INFO] signals_today: IREDA.NS: HOLD | proba_up=0.526, price=147.35000610351562, SL=None, TP=None
2025-09-14 03:42:00 [INFO] signals_today: ZYDUSLIFE.NS: HOLD | proba_up=0.223, price=1044.75, SL=None, TP=None
2025-09-14 03:42:01 [INFO] signals_today: PERSISTENT.NS: SELL | proba_up=0.308, price=5411.0, SL=5548.07, TP=5205.4
2025-09-14 03:42:02 [INFO] signals_today: ITC.NS: SELL | proba_up=0.356, price=413.75, SL=419.35, TP=405.34
2025-09-14 03:42:02 [INFO] signals_today: BPCL.NS: SELL | proba_up=0.139, price=318.0, SL=324.62, TP=308.07
2025-09-14 03:42:03 [INFO] signals_today: BALKRISIND.NS: HOLD | proba_up=0.549, price=2388.699951171875, SL=None, TP=None
2025-09-14 03:42:04 [INFO] signals_today: ASHOKLEY.NS: HOLD | proba_up=0.262, price=134.08999633789062, SL=None, TP=None
2025-09-14 03:42:04 [INFO] signals_today: ADANIENT.NS: HOLD | proba_up=0.382, price=2392.0, SL=None, TP=None
2025-09-14 03:42:05 [INFO] signals_today: TORNTPHARM.NS: HOLD | proba_up=0.082, price=3566.199951171875, SL=None, TP=None
2025-09-14 03:42:05 [INFO] signals_today: HDFCBANK.NS: SELL | proba_up=0.211, price=967.2999877929688, SL=979.2, TP=949.45
2025-09-14 03:42:06 [INFO] signals_today: OFSS.NS: HOLD | proba_up=0.517, price=8979.0, SL=None, TP=None
2025-09-14 03:42:07 [INFO] signals_today: UPL.NS: HOLD | proba_up=0.681, price=693.0999755859375, SL=None, TP=None
2025-09-14 03:42:07 [INFO] signals_today: COFORGE.NS: SELL | proba_up=0.382, price=1764.0, SL=1810.51, TP=1694.24
2025-09-14 03:42:08 [INFO] signals_today: PETRONET.NS: SELL | proba_up=0.336, price=277.95001220703125, SL=283.15, TP=270.15
2025-09-14 03:42:08 [INFO] signals_today: VOLTAS.NS: HOLD | proba_up=0.511, price=1403.5999755859375, SL=None, TP=None
2025-09-14 03:42:09 [INFO] signals_today: BHARATFORG.NS: SELL | proba_up=0.252, price=1223.0, SL=1255.52, TP=1174.22
2025-09-14 03:42:10 [INFO] signals_today: ADANIPORTS.NS: SELL | proba_up=0.106, price=1393.0999755859375, SL=1419.66, TP=1353.27
2025-09-14 03:42:10 [INFO] signals_today: GRASIM.NS: HOLD | proba_up=0.239, price=2802.0, SL=None, TP=None
2025-09-14 03:42:11 [INFO] signals_today: IDEA.NS: HOLD | proba_up=0.093, price=7.659999847412109, SL=None, TP=None
2025-09-14 03:42:11 [INFO] signals_today: MPHASIS.NS: HOLD | proba_up=0.492, price=2904.199951171875, SL=None, TP=None
2025-09-14 03:42:12 [INFO] signals_today: INFY.NS: SELL | proba_up=0.187, price=1525.5999755859375, SL=1557.44, TP=1477.84
2025-09-14 03:42:13 [INFO] signals_today: HDFCLIFE.NS: HOLD | proba_up=0.190, price=779.6500244140625, SL=None, TP=None
2025-09-14 03:42:13 [INFO] signals_today: LAURUSLABS.NS: HOLD | proba_up=0.042, price=896.0499877929688, SL=None, TP=None
2025-09-14 03:42:14 [INFO] signals_today: YESBANK.NS: HOLD | proba_up=0.352, price=20.86000061035156, SL=None, TP=None
2025-09-14 03:42:14 [INFO] signals_today: COALINDIA.NS: HOLD | proba_up=0.156, price=394.3500061035156, SL=None, TP=None
2025-09-14 03:42:15 [INFO] signals_today: NTPC.NS: HOLD | proba_up=0.692, price=331.70001220703125, SL=None, TP=None
2025-09-14 03:42:16 [INFO] signals_today: TATAELXSI.NS: HOLD | proba_up=0.814, price=5721.5, SL=None, TP=None
2025-09-14 03:42:16 [INFO] signals_today: COLPAL.NS: HOLD | proba_up=0.851, price=2353.699951171875, SL=2301.85, TP=2431.48
2025-09-14 03:42:17 [INFO] signals_today: LODHA.NS: HOLD | proba_up=0.474, price=1168.300048828125, SL=None, TP=None
2025-09-14 03:42:17 [INFO] signals_today: DEEPAKNTR.NS: SELL | proba_up=0.430, price=1749.5999755859375, SL=1783.44, TP=1698.84
2025-09-14 03:42:18 [INFO] signals_today: OIL.NS: HOLD | proba_up=0.547, price=398.3999938964844, SL=None, TP=None
2025-09-14 03:42:18 [INFO] signals_today: EICHERMOT.NS: HOLD | proba_up=0.103, price=6875.0, SL=None, TP=None
2025-09-14 03:42:19 [INFO] signals_today: ULTRACEMCO.NS: HOLD | proba_up=0.296, price=12370.0, SL=None, TP=None
2025-09-14 03:42:20 [INFO] signals_today: CANFINHOME.NS: HOLD | proba_up=0.712, price=746.3499755859375, SL=None, TP=None
2025-09-14 03:42:20 [INFO] signals_today: RELIANCE.NS: SELL | proba_up=0.236, price=1395.0, SL=1414.98, TP=1365.03
2025-09-14 03:42:21 [INFO] signals_today: TATACOMM.NS: HOLD | proba_up=0.758, price=1614.0, SL=None, TP=None
2025-09-14 03:42:22 [INFO] signals_today: AIAENG.NS: HOLD | proba_up=0.620, price=3087.89990234375, SL=None, TP=None
2025-09-14 03:42:22 [INFO] signals_today: AFFLE.NS: HOLD | proba_up=0.095, price=2075.89990234375, SL=None, TP=None
2025-09-14 03:42:23 [INFO] signals_today: BRITANNIA.NS: HOLD | proba_up=0.242, price=6247.0, SL=None, TP=None
2025-09-14 03:42:23 [INFO] signals_today: TATAMOTORS.NS: HOLD | proba_up=0.593, price=715.25, SL=700.86, TP=736.84
2025-09-14 03:42:24 [INFO] signals_today: NMDC.NS: HOLD | proba_up=0.276, price=76.47000122070312, SL=None, TP=None
2025-09-14 03:42:25 [INFO] signals_today: TECHM.NS: SELL | proba_up=0.315, price=1525.5, SL=1554.59, TP=1481.87
2025-09-14 03:42:25 [INFO] signals_today: GLAND.NS: BUY | proba_up=0.496, price=2021.199951171875, SL=1965.34, TP=2104.99
2025-09-14 03:42:26 [INFO] signals_today: TATACONSUM.NS: HOLD | proba_up=0.338, price=1103.9000244140625, SL=None, TP=None
2025-09-14 03:42:26 [INFO] signals_today: PVRINOX.NS: BUY | proba_up=0.736, price=1120.800048828125, SL=1087.5, TP=1170.75
2025-09-14 03:42:27 [INFO] signals_today: BAJAJFINSV.NS: HOLD | proba_up=0.096, price=2081.5, SL=None, TP=None
2025-09-14 03:42:27 [INFO] signals_today: Saved signals → /Users/gnandeepnarra/Documents/STOCK-DIY/ai-trading-bot/ai_trading_bot/core/reports/signals_today.csv
2025-09-14 03:42:27 [INFO] signals_today: ==== Signals generation completed ====
