2025-09-14 02:43:14 [INFO] tuning: BHARTIARTL.NS: tuned lgbm → best_acc=0.467
2025-09-14 02:43:58 [INFO] tuning: SBICARD.NS: tuned lgbm → best_acc=0.600
2025-09-14 02:44:21 [INFO] tuning: ASIANPAINT.NS: tuned lgbm → best_acc=0.467
2025-09-14 02:44:47 [INFO] tuning: PETRONET.NS: tuned lgbm → best_acc=0.633
2025-09-14 02:45:10 [INFO] tuning: MUTHOOTFIN.NS: tuned lgbm → best_acc=0.700
2025-09-14 02:45:40 [INFO] tuning: TITAN.NS: tuned lgbm → best_acc=0.567
2025-09-14 02:46:04 [INFO] tuning: IDEA.NS: tuned lgbm → best_acc=0.567
2025-09-14 02:46:33 [INFO] tuning: LT.NS: tuned lgbm → best_acc=0.667
2025-09-14 02:47:12 [INFO] tuning: NTPC.NS: tuned lgbm → best_acc=0.667
2025-09-14 02:47:40 [INFO] tuning: TCS.NS: tuned lgbm → best_acc=0.600
2025-09-14 02:48:00 [INFO] tuning: HDFCLIFE.NS: tuned lgbm → best_acc=0.600
2025-09-14 02:48:22 [INFO] tuning: INDUSINDBK.NS: tuned lgbm → best_acc=0.500
2025-09-14 02:48:47 [INFO] tuning: ICICIPRULI.NS: tuned lgbm → best_acc=0.667
2025-09-14 02:49:14 [INFO] tuning: PRESTIGE.NS: tuned lgbm → best_acc=0.667
2025-09-14 02:49:38 [INFO] tuning: ADANIPORTS.NS: tuned lgbm → best_acc=0.667
2025-09-14 02:50:07 [INFO] tuning: BPCL.NS: tuned lgbm → best_acc=0.667
2025-09-14 02:50:31 [INFO] tuning: EICHERMOT.NS: tuned lgbm → best_acc=0.633
2025-09-14 02:50:53 [INFO] tuning: TORNTPHARM.NS: tuned lgbm → best_acc=0.633
2025-09-14 02:51:21 [INFO] tuning: TATAPOWER.NS: tuned lgbm → best_acc=0.633
2025-09-14 02:51:48 [INFO] tuning: COFORGE.NS: tuned lgbm → best_acc=0.600
2025-09-14 02:52:11 [INFO] tuning: HINDUNILVR.NS: tuned lgbm → best_acc=0.567
2025-09-14 02:52:38 [INFO] tuning: BSE.NS: tuned lgbm → best_acc=0.667
2025-09-14 02:52:59 [INFO] tuning: SUNPHARMA.NS: tuned lgbm → best_acc=0.667
2025-09-14 02:53:39 [INFO] tuning: TATACOMM.NS: tuned lgbm → best_acc=0.433
2025-09-14 02:54:05 [INFO] tuning: ADANIENT.NS: tuned lgbm → best_acc=0.667
2025-09-14 02:54:24 [INFO] tuning: CUMMINSIND.NS: tuned lgbm → best_acc=0.600
2025-09-14 02:54:54 [INFO] tuning: PNB.NS: tuned lgbm → best_acc=0.700
2025-09-14 02:55:16 [INFO] tuning: BALKRISIND.NS: tuned lgbm → best_acc=0.567
2025-09-14 02:55:34 [INFO] tuning: HDFCAMC.NS: tuned lgbm → best_acc=0.600
2025-09-14 02:56:00 [INFO] tuning: SUPREMEIND.NS: tuned lgbm → best_acc=0.733
2025-09-14 02:56:27 [INFO] tuning: UPL.NS: tuned lgbm → best_acc=0.600
2025-09-14 02:56:55 [INFO] tuning: PHOENIXLTD.NS: tuned lgbm → best_acc=0.533
2025-09-14 02:57:29 [INFO] tuning: GRASIM.NS: tuned lgbm → best_acc=0.600
2025-09-14 02:58:02 [INFO] tuning: ONGC.NS: tuned lgbm → best_acc=0.567
2025-09-14 02:58:29 [INFO] tuning: LODHA.NS: tuned lgbm → best_acc=0.600
2025-09-14 02:59:15 [INFO] tuning: BRITANNIA.NS: tuned lgbm → best_acc=0.633
2025-09-14 02:59:39 [INFO] tuning: AUROPHARMA.NS: tuned lgbm → best_acc=0.600
2025-09-14 03:00:06 [INFO] tuning: IDFCFIRSTB.NS: tuned lgbm → best_acc=0.667
2025-09-14 03:00:26 [INFO] tuning: PVRINOX.NS: tuned lgbm → best_acc=0.500
2025-09-14 03:00:45 [INFO] tuning: ALKEM.NS: tuned lgbm → best_acc=0.667
2025-09-14 03:01:12 [INFO] tuning: INFY.NS: tuned lgbm → best_acc=0.600
2025-09-14 03:01:50 [INFO] tuning: AFFLE.NS: tuned lgbm → best_acc=0.600
2025-09-14 03:02:15 [INFO] tuning: LTIM.NS: tuned lgbm → best_acc=0.700
2025-09-14 03:02:41 [INFO] tuning: GOKEX.NS: tuned lgbm → best_acc=0.467
2025-09-14 03:03:06 [INFO] tuning: RELIANCE.NS: tuned lgbm → best_acc=0.633
2025-09-14 03:03:34 [INFO] tuning: CROMPTON.NS: tuned lgbm → best_acc=0.667
2025-09-14 03:04:06 [INFO] tuning: NESTLEIND.NS: tuned lgbm → best_acc=0.567
2025-09-14 03:04:31 [INFO] tuning: MAXHEALTH.NS: tuned lgbm → best_acc=0.600
2025-09-14 03:04:58 [INFO] tuning: CIPLA.NS: tuned lgbm → best_acc=0.600
2025-09-14 03:05:35 [INFO] tuning: KOTAKBANK.NS: tuned lgbm → best_acc=0.733
2025-09-14 03:06:04 [INFO] tuning: HDFCBANK.NS: tuned lgbm → best_acc=0.500
2025-09-14 03:06:25 [INFO] tuning: ARVIND.NS: tuned lgbm → best_acc=0.500
2025-09-14 03:06:56 [INFO] tuning: OIL.NS: tuned lgbm → best_acc=0.467
2025-09-14 03:07:18 [INFO] tuning: LAURUSLABS.NS: tuned lgbm → best_acc=0.500
2025-09-14 03:07:37 [INFO] tuning: TIINDIA.NS: tuned lgbm → best_acc=0.600
2025-09-14 03:08:11 [INFO] tuning: INDHOTEL.NS: tuned lgbm → best_acc=0.667
2025-09-14 03:08:29 [INFO] tuning: AIAENG.NS: tuned lgbm → best_acc=0.467
2025-09-14 03:09:00 [INFO] tuning: PERSISTENT.NS: tuned lgbm → best_acc=0.567
2025-09-14 03:09:33 [INFO] tuning: IRCTC.NS: tuned lgbm → best_acc=0.567
2025-09-14 03:09:59 [INFO] tuning: ITC.NS: tuned lgbm → best_acc=0.633
2025-09-14 03:10:28 [INFO] tuning: WIPRO.NS: tuned lgbm → best_acc=0.500
2025-09-14 03:11:04 [INFO] tuning: BANKBARODA.NS: tuned lgbm → best_acc=0.567
2025-09-14 03:11:30 [INFO] tuning: BAJFINANCE.NS: tuned lgbm → best_acc=0.567
2025-09-14 03:11:51 [INFO] tuning: POWERGRID.NS: tuned lgbm → best_acc=0.500
2025-09-14 03:12:27 [INFO] tuning: AXISBANK.NS: tuned lgbm → best_acc=0.500
2025-09-14 03:13:03 [INFO] tuning: OBEROIRLTY.NS: tuned lgbm → best_acc=0.567
2025-09-14 03:13:29 [INFO] tuning: SBIN.NS: tuned lgbm → best_acc=0.567
2025-09-14 03:13:53 [INFO] tuning: NEWGEN.NS: tuned lgbm → best_acc=0.400
2025-09-14 03:14:22 [INFO] tuning: TATAELXSI.NS: tuned lgbm → best_acc=0.567
2025-09-14 03:14:50 [INFO] tuning: ASTRAL.NS: tuned lgbm → best_acc=0.567
2025-09-14 03:15:12 [INFO] tuning: COLPAL.NS: tuned lgbm → best_acc=0.433
2025-09-14 03:15:42 [INFO] tuning: BHARATFORG.NS: tuned lgbm → best_acc=0.500
2025-09-14 03:16:07 [INFO] tuning: SRF.NS: tuned lgbm → best_acc=0.633
2025-09-14 03:16:30 [INFO] tuning: HINDALCO.NS: tuned lgbm → best_acc=0.633
2025-09-14 03:16:42 [INFO] tuning: IREDA.NS: tuned lgbm → best_acc=0.533
2025-09-14 03:17:08 [INFO] tuning: ZYDUSLIFE.NS: tuned lgbm → best_acc=0.567
2025-09-14 03:17:43 [INFO] tuning: ASHOKLEY.NS: tuned lgbm → best_acc=0.633
2025-09-14 03:18:17 [INFO] tuning: DIVISLAB.NS: tuned lgbm → best_acc=0.600
2025-09-14 03:18:35 [INFO] tuning: VOLTAS.NS: tuned lgbm → best_acc=0.633
2025-09-14 03:19:07 [INFO] tuning: LUPIN.NS: tuned lgbm → best_acc=0.633
2025-09-14 03:19:34 [INFO] tuning: ULTRACEMCO.NS: tuned lgbm → best_acc=0.633
2025-09-14 03:20:00 [INFO] tuning: GLAND.NS: tuned lgbm → best_acc=0.600
2025-09-14 03:20:23 [INFO] tuning: SUZLON.NS: tuned lgbm → best_acc=0.567
2025-09-14 03:20:52 [INFO] tuning: FEDERALBNK.NS: tuned lgbm → best_acc=0.767
2025-09-14 03:21:24 [INFO] tuning: NHPC.NS: tuned lgbm → best_acc=0.600
2025-09-14 03:21:47 [INFO] tuning: TATACONSUM.NS: tuned lgbm → best_acc=0.633
2025-09-14 03:22:20 [INFO] tuning: DRREDDY.NS: tuned lgbm → best_acc=0.667
2025-09-14 03:22:58 [INFO] tuning: NMDC.NS: tuned lgbm → best_acc=0.467
2025-09-14 03:23:24 [INFO] tuning: NYKAA.NS: tuned lgbm → best_acc=0.567
2025-09-14 03:23:52 [INFO] tuning: TORNTPOWER.NS: tuned lgbm → best_acc=0.667
2025-09-14 03:24:13 [INFO] tuning: MPHASIS.NS: tuned lgbm → best_acc=0.667
2025-09-14 03:24:37 [INFO] tuning: BAJAJFINSV.NS: tuned lgbm → best_acc=0.533
2025-09-14 03:25:04 [INFO] tuning: GODREJPROP.NS: tuned lgbm → best_acc=0.700
2025-09-14 03:25:33 [INFO] tuning: TATASTEEL.NS: tuned lgbm → best_acc=0.567
2025-09-14 03:26:00 [INFO] tuning: TECHM.NS: tuned lgbm → best_acc=0.633
2025-09-14 03:26:18 [INFO] tuning: MARICO.NS: tuned lgbm → best_acc=0.667
2025-09-14 03:26:35 [INFO] tuning: TATAMOTORS.NS: tuned lgbm → best_acc=0.633
2025-09-14 03:26:58 [INFO] tuning: MARUTI.NS: tuned lgbm → best_acc=0.367
2025-09-14 03:27:12 [INFO] tuning: ICICIBANK.NS: tuned lgbm → best_acc=0.633
2025-09-14 03:27:31 [INFO] tuning: POLYCAB.NS: tuned lgbm → best_acc=0.467
2025-09-14 03:27:51 [INFO] tuning: DIXON.NS: tuned lgbm → best_acc=0.733
2025-09-14 03:28:09 [INFO] tuning: METROPOLIS.NS: tuned lgbm → best_acc=0.567
2025-09-14 03:28:23 [INFO] tuning: BAJAJ-AUTO.NS: tuned lgbm → best_acc=0.767
2025-09-14 03:28:40 [INFO] tuning: DEEPAKNTR.NS: tuned lgbm → best_acc=0.600
2025-09-14 03:29:04 [INFO] tuning: YESBANK.NS: tuned lgbm → best_acc=0.500
2025-09-14 03:29:19 [INFO] tuning: PGEL.NS: tuned lgbm → best_acc=0.700
2025-09-14 03:29:38 [INFO] tuning: COALINDIA.NS: tuned lgbm → best_acc=0.567
2025-09-14 03:29:59 [INFO] tuning: PIIND.NS: tuned lgbm → best_acc=0.533
2025-09-14 03:30:12 [INFO] tuning: MRF.NS: tuned lgbm → best_acc=0.667
2025-09-14 03:30:34 [INFO] tuning: JSWSTEEL.NS: tuned lgbm → best_acc=0.633
2025-09-14 03:30:57 [INFO] tuning: NAVINFLUOR.NS: tuned lgbm → best_acc=0.667
2025-09-14 03:31:11 [INFO] tuning: OFSS.NS: tuned lgbm → best_acc=0.633
2025-09-14 03:31:25 [INFO] tuning: HINDPETRO.NS: tuned lgbm → best_acc=0.600
2025-09-14 03:31:49 [INFO] tuning: HEROMOTOCO.NS: tuned lgbm → best_acc=0.567
2025-09-14 03:32:19 [INFO] tuning: IEX.NS: tuned lgbm → best_acc=0.600
2025-09-14 03:32:31 [INFO] tuning: HCLTECH.NS: tuned lgbm → best_acc=0.633
2025-09-14 03:32:49 [INFO] tuning: GUJGASLTD.NS: tuned lgbm → best_acc=0.667
2025-09-14 03:33:11 [INFO] tuning: CONCOR.NS: tuned lgbm → best_acc=0.600
2025-09-14 03:33:36 [INFO] tuning: M&M.NS: tuned lgbm → best_acc=0.800
2025-09-14 03:33:51 [INFO] tuning: INDUSTOWER.NS: tuned lgbm → best_acc=0.667
2025-09-14 03:34:08 [INFO] tuning: CANFINHOME.NS: tuned lgbm → best_acc=0.767
